The system is: Darwin - 20.3.0 - x86_64
Compiling the C compiler identification source file "CMakeCCompilerId.c" succeeded.
Compiler:  
Build flags: 
Id flags:  

The output was:
0
Command line invocation:
    /Applications/Xcode-beta.app/Contents/Developer/usr/bin/xcodebuild

User defaults from command line:
    IDEPackageSupportUseBuiltinSCM = YES

note: Using new build system
note: Planning build
note: Analyzing workspace
note: Constructing build description
note: Build preparation complete
CreateBuildDirectory /Users/philipwenkel/GitHub/Phan/xbuild/CMakeFiles/3.19.6/CompilerIdC
    cd /Users/philipwenkel/GitHub/Phan/xbuild/CMakeFiles/3.19.6/CompilerIdC/CompilerIdC.xcodeproj
    builtin-create-build-directory /Users/philipwenkel/GitHub/Phan/xbuild/CMakeFiles/3.19.6/CompilerIdC

warning: Traditional headermap style is no longer supported; please migrate to using separate headermaps and set 'ALWAYS_SEARCH_USER_PATHS' to NO. (in target 'CompilerIdC' from project 'CompilerIdC')
WriteAuxiliaryFile /Users/philipwenkel/GitHub/Phan/xbuild/CMakeFiles/3.19.6/CompilerIdC/CompilerIdC.build/Debug/CompilerIdC.build/all-product-headers.yaml (in target 'CompilerIdC' from project 'CompilerIdC')
    cd /Users/philipwenkel/GitHub/Phan/xbuild/CMakeFiles/3.19.6/CompilerIdC
    write-file /Users/philipwenkel/GitHub/Phan/xbuild/CMakeFiles/3.19.6/CompilerIdC/CompilerIdC.build/Debug/CompilerIdC.build/all-product-headers.yaml

WriteAuxiliaryFile /Users/philipwenkel/GitHub/Phan/xbuild/CMakeFiles/3.19.6/CompilerIdC/CompilerIdC.build/Debug/CompilerIdC.build/CompilerIdC-own-target-headers.hmap (in target 'CompilerIdC' from project 'CompilerIdC')
    cd /Users/philipwenkel/GitHub/Phan/xbuild/CMakeFiles/3.19.6/CompilerIdC
    write-file /Users/philipwenkel/GitHub/Phan/xbuild/CMakeFiles/3.19.6/CompilerIdC/CompilerIdC.build/Debug/CompilerIdC.build/CompilerIdC-own-target-headers.hmap

WriteAuxiliaryFile /Users/philipwenkel/GitHub/Phan/xbuild/CMakeFiles/3.19.6/CompilerIdC/CompilerIdC.build/Debug/CompilerIdC.build/CompilerIdC-project-headers.hmap (in target 'CompilerIdC' from project 'CompilerIdC')
    cd /Users/philipwenkel/GitHub/Phan/xbuild/CMakeFiles/3.19.6/CompilerIdC
    write-file /Users/philipwenkel/GitHub/Phan/xbuild/CMakeFiles/3.19.6/CompilerIdC/CompilerIdC.build/Debug/CompilerIdC.build/CompilerIdC-project-headers.hmap

WriteAuxiliaryFile /Users/philipwenkel/GitHub/Phan/xbuild/CMakeFiles/3.19.6/CompilerIdC/CompilerIdC.build/Debug/CompilerIdC.build/CompilerIdC.hmap (in target 'CompilerIdC' from project 'CompilerIdC')
    cd /Users/philipwenkel/GitHub/Phan/xbuild/CMakeFiles/3.19.6/CompilerIdC
    write-file /Users/philipwenkel/GitHub/Phan/xbuild/CMakeFiles/3.19.6/CompilerIdC/CompilerIdC.build/Debug/CompilerIdC.build/CompilerIdC.hmap

WriteAuxiliaryFile /Users/philipwenkel/GitHub/Phan/xbuild/CMakeFiles/3.19.6/CompilerIdC/CompilerIdC.build/Debug/CompilerIdC.build/CompilerIdC-generated-files.hmap (in target 'CompilerIdC' from project 'CompilerIdC')
    cd /Users/philipwenkel/GitHub/Phan/xbuild/CMakeFiles/3.19.6/CompilerIdC
    write-file /Users/philipwenkel/GitHub/Phan/xbuild/CMakeFiles/3.19.6/CompilerIdC/CompilerIdC.build/Debug/CompilerIdC.build/CompilerIdC-generated-files.hmap

WriteAuxiliaryFile /Users/philipwenkel/GitHub/Phan/xbuild/CMakeFiles/3.19.6/CompilerIdC/CompilerIdC.build/Debug/CompilerIdC.build/CompilerIdC-all-target-headers.hmap (in target 'CompilerIdC' from project 'CompilerIdC')
    cd /Users/philipwenkel/GitHub/Phan/xbuild/CMakeFiles/3.19.6/CompilerIdC
    write-file /Users/philipwenkel/GitHub/Phan/xbuild/CMakeFiles/3.19.6/CompilerIdC/CompilerIdC.build/Debug/CompilerIdC.build/CompilerIdC-all-target-headers.hmap

WriteAuxiliaryFile /Users/philipwenkel/GitHub/Phan/xbuild/CMakeFiles/3.19.6/CompilerIdC/CompilerIdC.build/Debug/CompilerIdC.build/CompilerIdC-all-non-framework-target-headers.hmap (in target 'CompilerIdC' from project 'CompilerIdC')
    cd /Users/philipwenkel/GitHub/Phan/xbuild/CMakeFiles/3.19.6/CompilerIdC
    write-file /Users/philipwenkel/GitHub/Phan/xbuild/CMakeFiles/3.19.6/CompilerIdC/CompilerIdC.build/Debug/CompilerIdC.build/CompilerIdC-all-non-framework-target-headers.hmap

CompileC /Users/philipwenkel/GitHub/Phan/xbuild/CMakeFiles/3.19.6/CompilerIdC/CompilerIdC.build/Debug/CompilerIdC.build/Objects-normal/x86_64/CMakeCCompilerId.o /Users/philipwenkel/GitHub/Phan/xbuild/CMakeFiles/3.19.6/CompilerIdC/CMakeCCompilerId.c normal x86_64 c com.apple.compilers.llvm.clang.1_0.compiler (in target 'CompilerIdC' from project 'CompilerIdC')
    cd /Users/philipwenkel/GitHub/Phan/xbuild/CMakeFiles/3.19.6/CompilerIdC
    export LANG\=en_US.US-ASCII
    /Applications/Xcode-beta.app/Contents/Developer/Toolchains/XcodeDefault.xctoolchain/usr/bin/clang -x c -target x86_64-apple-macos11.2 -fmessage-length\=0 -fdiagnostics-show-note-include-stack -fmacro-backtrace-limit\=0 -Wno-trigraphs -fpascal-strings -Os -Wno-missing-field-initializers -Wno-missing-prototypes -Wno-return-type -Wno-missing-braces -Wparentheses -Wswitch -Wno-unused-function -Wno-unused-label -Wno-unused-parameter -Wno-unused-variable -Wunused-value -Wno-empty-body -Wno-uninitialized -Wno-unknown-pragmas -Wno-shadow -Wno-four-char-constants -Wno-conversion -Wno-constant-conversion -Wno-int-conversion -Wno-bool-conversion -Wno-enum-conversion -Wno-float-conversion -Wno-non-literal-null-conversion -Wno-objc-literal-conversion -Wno-shorten-64-to-32 -Wpointer-sign -Wno-newline-eof -isysroot /Applications/Xcode-beta.app/Contents/Developer/Platforms/MacOSX.platform/Developer/SDKs/MacOSX11.3.sdk -fasm-blocks -fstrict-aliasing -Wdeprecated-declarations -g -fvisibility\=hidden -Wno-sign-conversion -Wno-infinite-recursion -Wno-comma -Wno-block-capture-autoreleasing -Wno-strict-prototypes -Wno-semicolon-before-method-body -iquote /Users/philipwenkel/GitHub/Phan/xbuild/CMakeFiles/3.19.6/CompilerIdC/CompilerIdC.build/Debug/CompilerIdC.build/CompilerIdC-generated-files.hmap -I/Users/philipwenkel/GitHub/Phan/xbuild/CMakeFiles/3.19.6/CompilerIdC/CompilerIdC.build/Debug/CompilerIdC.build/CompilerIdC-own-target-headers.hmap -I/Users/philipwenkel/GitHub/Phan/xbuild/CMakeFiles/3.19.6/CompilerIdC/CompilerIdC.build/Debug/CompilerIdC.build/CompilerIdC-all-target-headers.hmap -iquote /Users/philipwenkel/GitHub/Phan/xbuild/CMakeFiles/3.19.6/CompilerIdC/CompilerIdC.build/Debug/CompilerIdC.build/CompilerIdC-project-headers.hmap -I/Users/philipwenkel/GitHub/Phan/xbuild/CMakeFiles/3.19.6/CompilerIdC/include -I/Users/philipwenkel/GitHub/Phan/xbuild/CMakeFiles/3.19.6/CompilerIdC/CompilerIdC.build/Debug/CompilerIdC.build/DerivedSources-normal/x86_64 -I/Users/philipwenkel/GitHub/Phan/xbuild/CMakeFiles/3.19.6/CompilerIdC/CompilerIdC.build/Debug/CompilerIdC.build/DerivedSources/x86_64 -I/Users/philipwenkel/GitHub/Phan/xbuild/CMakeFiles/3.19.6/CompilerIdC/CompilerIdC.build/Debug/CompilerIdC.build/DerivedSources -F/Users/philipwenkel/GitHub/Phan/xbuild/CMakeFiles/3.19.6/CompilerIdC -MMD -MT dependencies -MF /Users/philipwenkel/GitHub/Phan/xbuild/CMakeFiles/3.19.6/CompilerIdC/CompilerIdC.build/Debug/CompilerIdC.build/Objects-normal/x86_64/CMakeCCompilerId.d --serialize-diagnostics /Users/philipwenkel/GitHub/Phan/xbuild/CMakeFiles/3.19.6/CompilerIdC/CompilerIdC.build/Debug/CompilerIdC.build/Objects-normal/x86_64/CMakeCCompilerId.dia -c /Users/philipwenkel/GitHub/Phan/xbuild/CMakeFiles/3.19.6/CompilerIdC/CMakeCCompilerId.c -o /Users/philipwenkel/GitHub/Phan/xbuild/CMakeFiles/3.19.6/CompilerIdC/CompilerIdC.build/Debug/CompilerIdC.build/Objects-normal/x86_64/CMakeCCompilerId.o

WriteAuxiliaryFile /Users/philipwenkel/GitHub/Phan/xbuild/CMakeFiles/3.19.6/CompilerIdC/CompilerIdC.build/Debug/CompilerIdC.build/Objects-normal/x86_64/CompilerIdC.LinkFileList (in target 'CompilerIdC' from project 'CompilerIdC')
    cd /Users/philipwenkel/GitHub/Phan/xbuild/CMakeFiles/3.19.6/CompilerIdC
    write-file /Users/philipwenkel/GitHub/Phan/xbuild/CMakeFiles/3.19.6/CompilerIdC/CompilerIdC.build/Debug/CompilerIdC.build/Objects-normal/x86_64/CompilerIdC.LinkFileList

Ld /Users/philipwenkel/GitHub/Phan/xbuild/CMakeFiles/3.19.6/CompilerIdC/CompilerIdC normal (in target 'CompilerIdC' from project 'CompilerIdC')
    cd /Users/philipwenkel/GitHub/Phan/xbuild/CMakeFiles/3.19.6/CompilerIdC
    /Applications/Xcode-beta.app/Contents/Developer/Toolchains/XcodeDefault.xctoolchain/usr/bin/clang -target x86_64-apple-macos11.2 -isysroot /Applications/Xcode-beta.app/Contents/Developer/Platforms/MacOSX.platform/Developer/SDKs/MacOSX11.3.sdk -L/Users/philipwenkel/GitHub/Phan/xbuild/CMakeFiles/3.19.6/CompilerIdC -F/Users/philipwenkel/GitHub/Phan/xbuild/CMakeFiles/3.19.6/CompilerIdC -filelist /Users/philipwenkel/GitHub/Phan/xbuild/CMakeFiles/3.19.6/CompilerIdC/CompilerIdC.build/Debug/CompilerIdC.build/Objects-normal/x86_64/CompilerIdC.LinkFileList -Xlinker -object_path_lto -Xlinker /Users/philipwenkel/GitHub/Phan/xbuild/CMakeFiles/3.19.6/CompilerIdC/CompilerIdC.build/Debug/CompilerIdC.build/Objects-normal/x86_64/CompilerIdC_lto.o -Xlinker -dependency_info -Xlinker /Users/philipwenkel/GitHub/Phan/xbuild/CMakeFiles/3.19.6/CompilerIdC/CompilerIdC.build/Debug/CompilerIdC.build/Objects-normal/x86_64/CompilerIdC_dependency_info.dat -o /Users/philipwenkel/GitHub/Phan/xbuild/CMakeFiles/3.19.6/CompilerIdC/CompilerIdC

WriteAuxiliaryFile /Users/philipwenkel/GitHub/Phan/xbuild/CMakeFiles/3.19.6/CompilerIdC/CompilerIdC.build/Debug/CompilerIdC.build/Script-2C8FEB8E15DC1A1A00E56A5D.sh (in target 'CompilerIdC' from project 'CompilerIdC')
    cd /Users/philipwenkel/GitHub/Phan/xbuild/CMakeFiles/3.19.6/CompilerIdC
    write-file /Users/philipwenkel/GitHub/Phan/xbuild/CMakeFiles/3.19.6/CompilerIdC/CompilerIdC.build/Debug/CompilerIdC.build/Script-2C8FEB8E15DC1A1A00E56A5D.sh

PhaseScriptExecution Run\ Script /Users/philipwenkel/GitHub/Phan/xbuild/CMakeFiles/3.19.6/CompilerIdC/CompilerIdC.build/Debug/CompilerIdC.build/Script-2C8FEB8E15DC1A1A00E56A5D.sh (in target 'CompilerIdC' from project 'CompilerIdC')
    cd /Users/philipwenkel/GitHub/Phan/xbuild/CMakeFiles/3.19.6/CompilerIdC
    /bin/sh -c /Users/philipwenkel/GitHub/Phan/xbuild/CMakeFiles/3.19.6/CompilerIdC/CompilerIdC.build/Debug/CompilerIdC.build/Script-2C8FEB8E15DC1A1A00E56A5D.sh
GCC_VERSION=com.apple.compilers.llvm.clang.1_0
ARCHS=x86_64

RegisterExecutionPolicyException /Users/philipwenkel/GitHub/Phan/xbuild/CMakeFiles/3.19.6/CompilerIdC/CompilerIdC (in target 'CompilerIdC' from project 'CompilerIdC')
    cd /Users/philipwenkel/GitHub/Phan/xbuild/CMakeFiles/3.19.6/CompilerIdC
    builtin-RegisterExecutionPolicyException /Users/philipwenkel/GitHub/Phan/xbuild/CMakeFiles/3.19.6/CompilerIdC/CompilerIdC

** BUILD SUCCEEDED **



Compilation of the C compiler identification source "CMakeCCompilerId.c" produced "CompilerIdC"

The C compiler identification is AppleClang, found in "/Users/philipwenkel/GitHub/Phan/xbuild/CMakeFiles/3.19.6/CompilerIdC/CompilerIdC"

Compiling the CXX compiler identification source file "CMakeCXXCompilerId.cpp" succeeded.
Compiler:  
Build flags: 
Id flags:  

The output was:
0
Command line invocation:
    /Applications/Xcode-beta.app/Contents/Developer/usr/bin/xcodebuild

User defaults from command line:
    IDEPackageSupportUseBuiltinSCM = YES

note: Using new build system
note: Planning build
note: Analyzing workspace
note: Constructing build description
note: Build preparation complete
CreateBuildDirectory /Users/philipwenkel/GitHub/Phan/xbuild/CMakeFiles/3.19.6/CompilerIdCXX
    cd /Users/philipwenkel/GitHub/Phan/xbuild/CMakeFiles/3.19.6/CompilerIdCXX/CompilerIdCXX.xcodeproj
    builtin-create-build-directory /Users/philipwenkel/GitHub/Phan/xbuild/CMakeFiles/3.19.6/CompilerIdCXX

warning: Traditional headermap style is no longer supported; please migrate to using separate headermaps and set 'ALWAYS_SEARCH_USER_PATHS' to NO. (in target 'CompilerIdCXX' from project 'CompilerIdCXX')
WriteAuxiliaryFile /Users/philipwenkel/GitHub/Phan/xbuild/CMakeFiles/3.19.6/CompilerIdCXX/CompilerIdCXX.build/Debug/CompilerIdCXX.build/CompilerIdCXX.hmap (in target 'CompilerIdCXX' from project 'CompilerIdCXX')
    cd /Users/philipwenkel/GitHub/Phan/xbuild/CMakeFiles/3.19.6/CompilerIdCXX
    write-file /Users/philipwenkel/GitHub/Phan/xbuild/CMakeFiles/3.19.6/CompilerIdCXX/CompilerIdCXX.build/Debug/CompilerIdCXX.build/CompilerIdCXX.hmap

WriteAuxiliaryFile /Users/philipwenkel/GitHub/Phan/xbuild/CMakeFiles/3.19.6/CompilerIdCXX/CompilerIdCXX.build/Debug/CompilerIdCXX.build/CompilerIdCXX-project-headers.hmap (in target 'CompilerIdCXX' from project 'CompilerIdCXX')
    cd /Users/philipwenkel/GitHub/Phan/xbuild/CMakeFiles/3.19.6/CompilerIdCXX
    write-file /Users/philipwenkel/GitHub/Phan/xbuild/CMakeFiles/3.19.6/CompilerIdCXX/CompilerIdCXX.build/Debug/CompilerIdCXX.build/CompilerIdCXX-project-headers.hmap

WriteAuxiliaryFile /Users/philipwenkel/GitHub/Phan/xbuild/CMakeFiles/3.19.6/CompilerIdCXX/CompilerIdCXX.build/Debug/CompilerIdCXX.build/all-product-headers.yaml (in target 'CompilerIdCXX' from project 'CompilerIdCXX')
    cd /Users/philipwenkel/GitHub/Phan/xbuild/CMakeFiles/3.19.6/CompilerIdCXX
    write-file /Users/philipwenkel/GitHub/Phan/xbuild/CMakeFiles/3.19.6/CompilerIdCXX/CompilerIdCXX.build/Debug/CompilerIdCXX.build/all-product-headers.yaml

WriteAuxiliaryFile /Users/philipwenkel/GitHub/Phan/xbuild/CMakeFiles/3.19.6/CompilerIdCXX/CompilerIdCXX.build/Debug/CompilerIdCXX.build/CompilerIdCXX-own-target-headers.hmap (in target 'CompilerIdCXX' from project 'CompilerIdCXX')
    cd /Users/philipwenkel/GitHub/Phan/xbuild/CMakeFiles/3.19.6/CompilerIdCXX
    write-file /Users/philipwenkel/GitHub/Phan/xbuild/CMakeFiles/3.19.6/CompilerIdCXX/CompilerIdCXX.build/Debug/CompilerIdCXX.build/CompilerIdCXX-own-target-headers.hmap

WriteAuxiliaryFile /Users/philipwenkel/GitHub/Phan/xbuild/CMakeFiles/3.19.6/CompilerIdCXX/CompilerIdCXX.build/Debug/CompilerIdCXX.build/CompilerIdCXX-all-target-headers.hmap (in target 'CompilerIdCXX' from project 'CompilerIdCXX')
    cd /Users/philipwenkel/GitHub/Phan/xbuild/CMakeFiles/3.19.6/CompilerIdCXX
    write-file /Users/philipwenkel/GitHub/Phan/xbuild/CMakeFiles/3.19.6/CompilerIdCXX/CompilerIdCXX.build/Debug/CompilerIdCXX.build/CompilerIdCXX-all-target-headers.hmap

WriteAuxiliaryFile /Users/philipwenkel/GitHub/Phan/xbuild/CMakeFiles/3.19.6/CompilerIdCXX/CompilerIdCXX.build/Debug/CompilerIdCXX.build/CompilerIdCXX-generated-files.hmap (in target 'CompilerIdCXX' from project 'CompilerIdCXX')
    cd /Users/philipwenkel/GitHub/Phan/xbuild/CMakeFiles/3.19.6/CompilerIdCXX
    write-file /Users/philipwenkel/GitHub/Phan/xbuild/CMakeFiles/3.19.6/CompilerIdCXX/CompilerIdCXX.build/Debug/CompilerIdCXX.build/CompilerIdCXX-generated-files.hmap

WriteAuxiliaryFile /Users/philipwenkel/GitHub/Phan/xbuild/CMakeFiles/3.19.6/CompilerIdCXX/CompilerIdCXX.build/Debug/CompilerIdCXX.build/CompilerIdCXX-all-non-framework-target-headers.hmap (in target 'CompilerIdCXX' from project 'CompilerIdCXX')
    cd /Users/philipwenkel/GitHub/Phan/xbuild/CMakeFiles/3.19.6/CompilerIdCXX
    write-file /Users/philipwenkel/GitHub/Phan/xbuild/CMakeFiles/3.19.6/CompilerIdCXX/CompilerIdCXX.build/Debug/CompilerIdCXX.build/CompilerIdCXX-all-non-framework-target-headers.hmap

WriteAuxiliaryFile /Users/philipwenkel/GitHub/Phan/xbuild/CMakeFiles/3.19.6/CompilerIdCXX/CompilerIdCXX.build/Debug/CompilerIdCXX.build/Objects-normal/x86_64/CompilerIdCXX.LinkFileList (in target 'CompilerIdCXX' from project 'CompilerIdCXX')
    cd /Users/philipwenkel/GitHub/Phan/xbuild/CMakeFiles/3.19.6/CompilerIdCXX
    write-file /Users/philipwenkel/GitHub/Phan/xbuild/CMakeFiles/3.19.6/CompilerIdCXX/CompilerIdCXX.build/Debug/CompilerIdCXX.build/Objects-normal/x86_64/CompilerIdCXX.LinkFileList

CompileC /Users/philipwenkel/GitHub/Phan/xbuild/CMakeFiles/3.19.6/CompilerIdCXX/CompilerIdCXX.build/Debug/CompilerIdCXX.build/Objects-normal/x86_64/CMakeCXXCompilerId.o /Users/philipwenkel/GitHub/Phan/xbuild/CMakeFiles/3.19.6/CompilerIdCXX/CMakeCXXCompilerId.cpp normal x86_64 c++ com.apple.compilers.llvm.clang.1_0.compiler (in target 'CompilerIdCXX' from project 'CompilerIdCXX')
    cd /Users/philipwenkel/GitHub/Phan/xbuild/CMakeFiles/3.19.6/CompilerIdCXX
    export LANG\=en_US.US-ASCII
    /Applications/Xcode-beta.app/Contents/Developer/Toolchains/XcodeDefault.xctoolchain/usr/bin/clang -x c++ -target x86_64-apple-macos11.2 -fmessage-length\=0 -fdiagnostics-show-note-include-stack -fmacro-backtrace-limit\=0 -Wno-trigraphs -fpascal-strings -Os -Wno-missing-field-initializers -Wno-missing-prototypes -Wno-return-type -Wno-non-virtual-dtor -Wno-overloaded-virtual -Wno-exit-time-destructors -Wno-missing-braces -Wparentheses -Wswitch -Wno-unused-function -Wno-unused-label -Wno-unused-parameter -Wno-unused-variable -Wunused-value -Wno-empty-body -Wno-uninitialized -Wno-unknown-pragmas -Wno-shadow -Wno-four-char-constants -Wno-conversion -Wno-constant-conversion -Wno-int-conversion -Wno-bool-conversion -Wno-enum-conversion -Wno-float-conversion -Wno-non-literal-null-conversion -Wno-objc-literal-conversion -Wno-shorten-64-to-32 -Wno-newline-eof -Wno-c++11-extensions -isysroot /Applications/Xcode-beta.app/Contents/Developer/Platforms/MacOSX.platform/Developer/SDKs/MacOSX11.3.sdk -fasm-blocks -fstrict-aliasing -Wdeprecated-declarations -Winvalid-offsetof -g -fvisibility\=hidden -fvisibility-inlines-hidden -Wno-sign-conversion -Wno-infinite-recursion -Wno-move -Wno-comma -Wno-block-capture-autoreleasing -Wno-strict-prototypes -Wno-range-loop-analysis -Wno-semicolon-before-method-body -iquote /Users/philipwenkel/GitHub/Phan/xbuild/CMakeFiles/3.19.6/CompilerIdCXX/CompilerIdCXX.build/Debug/CompilerIdCXX.build/CompilerIdCXX-generated-files.hmap -I/Users/philipwenkel/GitHub/Phan/xbuild/CMakeFiles/3.19.6/CompilerIdCXX/CompilerIdCXX.build/Debug/CompilerIdCXX.build/CompilerIdCXX-own-target-headers.hmap -I/Users/philipwenkel/GitHub/Phan/xbuild/CMakeFiles/3.19.6/CompilerIdCXX/CompilerIdCXX.build/Debug/CompilerIdCXX.build/CompilerIdCXX-all-target-headers.hmap -iquote /Users/philipwenkel/GitHub/Phan/xbuild/CMakeFiles/3.19.6/CompilerIdCXX/CompilerIdCXX.build/Debug/CompilerIdCXX.build/CompilerIdCXX-project-headers.hmap -I/Users/philipwenkel/GitHub/Phan/xbuild/CMakeFiles/3.19.6/CompilerIdCXX/include -I/Users/philipwenkel/GitHub/Phan/xbuild/CMakeFiles/3.19.6/CompilerIdCXX/CompilerIdCXX.build/Debug/CompilerIdCXX.build/DerivedSources-normal/x86_64 -I/Users/philipwenkel/GitHub/Phan/xbuild/CMakeFiles/3.19.6/CompilerIdCXX/CompilerIdCXX.build/Debug/CompilerIdCXX.build/DerivedSources/x86_64 -I/Users/philipwenkel/GitHub/Phan/xbuild/CMakeFiles/3.19.6/CompilerIdCXX/CompilerIdCXX.build/Debug/CompilerIdCXX.build/DerivedSources -F/Users/philipwenkel/GitHub/Phan/xbuild/CMakeFiles/3.19.6/CompilerIdCXX -MMD -MT dependencies -MF /Users/philipwenkel/GitHub/Phan/xbuild/CMakeFiles/3.19.6/CompilerIdCXX/CompilerIdCXX.build/Debug/CompilerIdCXX.build/Objects-normal/x86_64/CMakeCXXCompilerId.d --serialize-diagnostics /Users/philipwenkel/GitHub/Phan/xbuild/CMakeFiles/3.19.6/CompilerIdCXX/CompilerIdCXX.build/Debug/CompilerIdCXX.build/Objects-normal/x86_64/CMakeCXXCompilerId.dia -c /Users/philipwenkel/GitHub/Phan/xbuild/CMakeFiles/3.19.6/CompilerIdCXX/CMakeCXXCompilerId.cpp -o /Users/philipwenkel/GitHub/Phan/xbuild/CMakeFiles/3.19.6/CompilerIdCXX/CompilerIdCXX.build/Debug/CompilerIdCXX.build/Objects-normal/x86_64/CMakeCXXCompilerId.o

Ld /Users/philipwenkel/GitHub/Phan/xbuild/CMakeFiles/3.19.6/CompilerIdCXX/CompilerIdCXX normal (in target 'CompilerIdCXX' from project 'CompilerIdCXX')
    cd /Users/philipwenkel/GitHub/Phan/xbuild/CMakeFiles/3.19.6/CompilerIdCXX
    /Applications/Xcode-beta.app/Contents/Developer/Toolchains/XcodeDefault.xctoolchain/usr/bin/clang++ -target x86_64-apple-macos11.2 -isysroot /Applications/Xcode-beta.app/Contents/Developer/Platforms/MacOSX.platform/Developer/SDKs/MacOSX11.3.sdk -L/Users/philipwenkel/GitHub/Phan/xbuild/CMakeFiles/3.19.6/CompilerIdCXX -F/Users/philipwenkel/GitHub/Phan/xbuild/CMakeFiles/3.19.6/CompilerIdCXX -filelist /Users/philipwenkel/GitHub/Phan/xbuild/CMakeFiles/3.19.6/CompilerIdCXX/CompilerIdCXX.build/Debug/CompilerIdCXX.build/Objects-normal/x86_64/CompilerIdCXX.LinkFileList -Xlinker -object_path_lto -Xlinker /Users/philipwenkel/GitHub/Phan/xbuild/CMakeFiles/3.19.6/CompilerIdCXX/CompilerIdCXX.build/Debug/CompilerIdCXX.build/Objects-normal/x86_64/CompilerIdCXX_lto.o -Xlinker -dependency_info -Xlinker /Users/philipwenkel/GitHub/Phan/xbuild/CMakeFiles/3.19.6/CompilerIdCXX/CompilerIdCXX.build/Debug/CompilerIdCXX.build/Objects-normal/x86_64/CompilerIdCXX_dependency_info.dat -o /Users/philipwenkel/GitHub/Phan/xbuild/CMakeFiles/3.19.6/CompilerIdCXX/CompilerIdCXX

WriteAuxiliaryFile /Users/philipwenkel/GitHub/Phan/xbuild/CMakeFiles/3.19.6/CompilerIdCXX/CompilerIdCXX.build/Debug/CompilerIdCXX.build/Script-2C8FEB8E15DC1A1A00E56A5D.sh (in target 'CompilerIdCXX' from project 'CompilerIdCXX')
    cd /Users/philipwenkel/GitHub/Phan/xbuild/CMakeFiles/3.19.6/CompilerIdCXX
    write-file /Users/philipwenkel/GitHub/Phan/xbuild/CMakeFiles/3.19.6/CompilerIdCXX/CompilerIdCXX.build/Debug/CompilerIdCXX.build/Script-2C8FEB8E15DC1A1A00E56A5D.sh

PhaseScriptExecution Run\ Script /Users/philipwenkel/GitHub/Phan/xbuild/CMakeFiles/3.19.6/CompilerIdCXX/CompilerIdCXX.build/Debug/CompilerIdCXX.build/Script-2C8FEB8E15DC1A1A00E56A5D.sh (in target 'CompilerIdCXX' from project 'CompilerIdCXX')
    cd /Users/philipwenkel/GitHub/Phan/xbuild/CMakeFiles/3.19.6/CompilerIdCXX
    /bin/sh -c /Users/philipwenkel/GitHub/Phan/xbuild/CMakeFiles/3.19.6/CompilerIdCXX/CompilerIdCXX.build/Debug/CompilerIdCXX.build/Script-2C8FEB8E15DC1A1A00E56A5D.sh
GCC_VERSION=com.apple.compilers.llvm.clang.1_0
ARCHS=x86_64

RegisterExecutionPolicyException /Users/philipwenkel/GitHub/Phan/xbuild/CMakeFiles/3.19.6/CompilerIdCXX/CompilerIdCXX (in target 'CompilerIdCXX' from project 'CompilerIdCXX')
    cd /Users/philipwenkel/GitHub/Phan/xbuild/CMakeFiles/3.19.6/CompilerIdCXX
    builtin-RegisterExecutionPolicyException /Users/philipwenkel/GitHub/Phan/xbuild/CMakeFiles/3.19.6/CompilerIdCXX/CompilerIdCXX

** BUILD SUCCEEDED **



Compilation of the CXX compiler identification source "CMakeCXXCompilerId.cpp" produced "CompilerIdCXX"

The CXX compiler identification is AppleClang, found in "/Users/philipwenkel/GitHub/Phan/xbuild/CMakeFiles/3.19.6/CompilerIdCXX/CompilerIdCXX"

Detecting C compiler ABI info compiled with the following output:
Change Dir: /Users/philipwenkel/GitHub/Phan/xbuild/CMakeFiles/CMakeTmp

Run Build Command(s):/usr/bin/xcodebuild -project CMAKE_TRY_COMPILE.xcodeproj build -target cmTC_f352e -parallelizeTargets -configuration Debug -hideShellScriptEnvironment && Command line invocation:
    /Applications/Xcode-beta.app/Contents/Developer/usr/bin/xcodebuild -project CMAKE_TRY_COMPILE.xcodeproj build -target cmTC_f352e -parallelizeTargets -configuration Debug -hideShellScriptEnvironment

User defaults from command line:
    HideShellScriptEnvironment = YES
    IDEPackageSupportUseBuiltinSCM = YES

note: Using new build system
note: Building targets in parallel
note: Planning build
note: Analyzing workspace
note: Constructing build description
note: Build preparation complete
CreateBuildDirectory /Users/philipwenkel/GitHub/Phan/xbuild/CMakeFiles/CMakeTmp
    cd /Users/philipwenkel/GitHub/Phan/xbuild/CMakeFiles/CMakeTmp/CMAKE_TRY_COMPILE.xcodeproj
    builtin-create-build-directory /Users/philipwenkel/GitHub/Phan/xbuild/CMakeFiles/CMakeTmp

CreateBuildDirectory /Users/philipwenkel/GitHub/Phan/xbuild/CMakeFiles/CMakeTmp/Debug
    cd /Users/philipwenkel/GitHub/Phan/xbuild/CMakeFiles/CMakeTmp/CMAKE_TRY_COMPILE.xcodeproj
    builtin-create-build-directory /Users/philipwenkel/GitHub/Phan/xbuild/CMakeFiles/CMakeTmp/Debug

CompileC /Users/philipwenkel/GitHub/Phan/xbuild/CMakeFiles/CMakeTmp/CMAKE_TRY_COMPILE.build/Debug/cmTC_f352e.build/Objects-normal/x86_64/CMakeCCompilerABI.o /usr/local/Cellar/cmake/3.19.6/share/cmake/Modules/CMakeCCompilerABI.c normal x86_64 c com.apple.compilers.llvm.clang.1_0.compiler (in target 'cmTC_f352e' from project 'CMAKE_TRY_COMPILE')
    cd /Users/philipwenkel/GitHub/Phan/xbuild/CMakeFiles/CMakeTmp
    /Applications/Xcode-beta.app/Contents/Developer/Toolchains/XcodeDefault.xctoolchain/usr/bin/clang -x c -target x86_64-apple-macos11.2 -fmessage-length\=0 -fdiagnostics-show-note-include-stack -fmacro-backtrace-limit\=0 -Wno-trigraphs -fpascal-strings -O0 -Wno-missing-field-initializers -Wno-missing-prototypes -Wno-return-type -Wno-missing-braces -Wparentheses -Wswitch -Wno-unused-function -Wno-unused-label -Wno-unused-parameter -Wno-unused-variable -Wunused-value -Wno-empty-body -Wno-uninitialized -Wno-unknown-pragmas -Wno-shadow -Wno-four-char-constants -Wno-conversion -Wno-constant-conversion -Wno-int-conversion -Wno-bool-conversion -Wno-enum-conversion -Wno-float-conversion -Wno-non-literal-null-conversion -Wno-objc-literal-conversion -Wno-shorten-64-to-32 -Wpointer-sign -Wno-newline-eof -DCMAKE_INTDIR\=\"Debug\" -isysroot /Applications/Xcode-beta.app/Contents/Developer/Platforms/MacOSX.platform/Developer/SDKs/MacOSX11.3.sdk -fasm-blocks -fstrict-aliasing -Wdeprecated-declarations -g -Wno-sign-conversion -Wno-infinite-recursion -Wno-comma -Wno-block-capture-autoreleasing -Wno-strict-prototypes -Wno-semicolon-before-method-body -I/Users/philipwenkel/GitHub/Phan/xbuild/CMakeFiles/CMakeTmp/Debug/include -I/Users/philipwenkel/GitHub/Phan/xbuild/CMakeFiles/CMakeTmp/CMAKE_TRY_COMPILE.build/Debug/cmTC_f352e.build/DerivedSources-normal/x86_64 -I/Users/philipwenkel/GitHub/Phan/xbuild/CMakeFiles/CMakeTmp/CMAKE_TRY_COMPILE.build/Debug/cmTC_f352e.build/DerivedSources/x86_64 -I/Users/philipwenkel/GitHub/Phan/xbuild/CMakeFiles/CMakeTmp/CMAKE_TRY_COMPILE.build/Debug/cmTC_f352e.build/DerivedSources -F/Users/philipwenkel/GitHub/Phan/xbuild/CMakeFiles/CMakeTmp/Debug -v -Wl,-v -MMD -MT dependencies -MF /Users/philipwenkel/GitHub/Phan/xbuild/CMakeFiles/CMakeTmp/CMAKE_TRY_COMPILE.build/Debug/cmTC_f352e.build/Objects-normal/x86_64/CMakeCCompilerABI.d --serialize-diagnostics /Users/philipwenkel/GitHub/Phan/xbuild/CMakeFiles/CMakeTmp/CMAKE_TRY_COMPILE.build/Debug/cmTC_f352e.build/Objects-normal/x86_64/CMakeCCompilerABI.dia -c /usr/local/Cellar/cmake/3.19.6/share/cmake/Modules/CMakeCCompilerABI.c -o /Users/philipwenkel/GitHub/Phan/xbuild/CMakeFiles/CMakeTmp/CMAKE_TRY_COMPILE.build/Debug/cmTC_f352e.build/Objects-normal/x86_64/CMakeCCompilerABI.o
Apple clang version 12.0.5 (clang-1205.0.22.6)
Target: x86_64-apple-macos11.2
Thread model: posix
InstalledDir: /Applications/Xcode-beta.app/Contents/Developer/Toolchains/XcodeDefault.xctoolchain/usr/bin
clang: warning: -Wl,-v: 'linker' input unused [-Wunused-command-line-argument]
 "/Applications/Xcode-beta.app/Contents/Developer/Toolchains/XcodeDefault.xctoolchain/usr/bin/clang" -cc1 -triple x86_64-apple-macosx11.2.0 -Wundef-prefix=TARGET_OS_ -Werror=undef-prefix -Wdeprecated-objc-isa-usage -Werror=deprecated-objc-isa-usage -Werror=implicit-function-declaration -emit-obj -mrelax-all -disable-free -disable-llvm-verifier -discard-value-names -main-file-name CMakeCCompilerABI.c -mrelocation-model pic -pic-level 2 -mframe-pointer=all -fno-strict-return -fno-rounding-math -munwind-tables -target-sdk-version=11.3 -fvisibility-inlines-hidden-static-local-var -target-cpu penryn -debug-info-kind=standalone -dwarf-version=4 -debugger-tuning=lldb -target-linker-version 650.9 -v -resource-dir /Applications/Xcode-beta.app/Contents/Developer/Toolchains/XcodeDefault.xctoolchain/usr/lib/clang/12.0.5 -dependency-file /Users/philipwenkel/GitHub/Phan/xbuild/CMakeFiles/CMakeTmp/CMAKE_TRY_COMPILE.build/Debug/cmTC_f352e.build/Objects-normal/x86_64/CMakeCCompilerABI.d -skip-unused-modulemap-deps -MT dependencies -isysroot /Applications/Xcode-beta.app/Contents/Developer/Platforms/MacOSX.platform/Developer/SDKs/MacOSX11.3.sdk -D "CMAKE_INTDIR=\"Debug\"" -I /Users/philipwenkel/GitHub/Phan/xbuild/CMakeFiles/CMakeTmp/Debug/include -I /Users/philipwenkel/GitHub/Phan/xbuild/CMakeFiles/CMakeTmp/CMAKE_TRY_COMPILE.build/Debug/cmTC_f352e.build/DerivedSources-normal/x86_64 -I /Users/philipwenkel/GitHub/Phan/xbuild/CMakeFiles/CMakeTmp/CMAKE_TRY_COMPILE.build/Debug/cmTC_f352e.build/DerivedSources/x86_64 -I /Users/philipwenkel/GitHub/Phan/xbuild/CMakeFiles/CMakeTmp/CMAKE_TRY_COMPILE.build/Debug/cmTC_f352e.build/DerivedSources -F/Users/philipwenkel/GitHub/Phan/xbuild/CMakeFiles/CMakeTmp/Debug -internal-isystem /Applications/Xcode-beta.app/Contents/Developer/Platforms/MacOSX.platform/Developer/SDKs/MacOSX11.3.sdk/usr/local/include -internal-isystem /Applications/Xcode-beta.app/Contents/Developer/Toolchains/XcodeDefault.xctoolchain/usr/lib/clang/12.0.5/include -internal-externc-isystem /Applications/Xcode-beta.app/Contents/Developer/Platforms/MacOSX.platform/Developer/SDKs/MacOSX11.3.sdk/usr/include -internal-externc-isystem /Applications/Xcode-beta.app/Contents/Developer/Toolchains/XcodeDefault.xctoolchain/usr/include -O0 -Wno-trigraphs -Wno-missing-field-initializers -Wno-missing-prototypes -Wno-return-type -Wno-missing-braces -Wparentheses -Wswitch -Wno-unused-function -Wno-unused-label -Wno-unused-parameter -Wno-unused-variable -Wunused-value -Wno-empty-body -Wno-uninitialized -Wno-unknown-pragmas -Wno-shadow -Wno-four-char-constants -Wno-conversion -Wno-constant-conversion -Wno-int-conversion -Wno-bool-conversion -Wno-enum-conversion -Wno-float-conversion -Wno-non-literal-null-conversion -Wno-objc-literal-conversion -Wno-shorten-64-to-32 -Wpointer-sign -Wno-newline-eof -Wdeprecated-declarations -Wno-sign-conversion -Wno-infinite-recursion -Wno-comma -Wno-block-capture-autoreleasing -Wno-strict-prototypes -Wno-semicolon-before-method-body -Wno-reorder-init-list -Wno-implicit-int-float-conversion -Wno-c99-designator -Wno-final-dtor-non-final-class -Wno-extra-semi-stmt -Wno-misleading-indentation -Wno-quoted-include-in-framework-header -Wno-implicit-fallthrough -Wno-enum-enum-conversion -Wno-enum-float-conversion -Wno-elaborated-enum-base -fdebug-compilation-dir /Users/philipwenkel/GitHub/Phan/xbuild/CMakeFiles/CMakeTmp -ferror-limit 19 -fmacro-backtrace-limit 0 -stack-protector 1 -fstack-check -mdarwin-stkchk-strong-link -fblocks -fencode-extended-block-signature -fregister-global-dtors-with-atexit -fgnuc-version=4.2.1 -fpascal-strings -fmax-type-align=16 -fcommon -fdiagnostics-show-note-include-stack -fasm-blocks -serialize-diagnostic-file /Users/philipwenkel/GitHub/Phan/xbuild/CMakeFiles/CMakeTmp/CMAKE_TRY_COMPILE.build/Debug/cmTC_f352e.build/Objects-normal/x86_64/CMakeCCompilerABI.dia -clang-vendor-feature=+disableNonDependentMemberExprInCurrentInstantiation -fno-odr-hash-protocols -mllvm -disable-aligned-alloc-awareness=1 -o /Users/philipwenkel/GitHub/Phan/xbuild/CMakeFiles/CMakeTmp/CMAKE_TRY_COMPILE.build/Debug/cmTC_f352e.build/Objects-normal/x86_64/CMakeCCompilerABI.o -x c /usr/local/Cellar/cmake/3.19.6/share/cmake/Modules/CMakeCCompilerABI.c
clang -cc1 version 12.0.5 (clang-1205.0.22.6) default target x86_64-apple-darwin20.3.0
ignoring nonexistent directory "/Users/philipwenkel/GitHub/Phan/xbuild/CMakeFiles/CMakeTmp/Debug/include"
ignoring nonexistent directory "/Users/philipwenkel/GitHub/Phan/xbuild/CMakeFiles/CMakeTmp/CMAKE_TRY_COMPILE.build/Debug/cmTC_f352e.build/DerivedSources-normal/x86_64"
ignoring nonexistent directory "/Users/philipwenkel/GitHub/Phan/xbuild/CMakeFiles/CMakeTmp/CMAKE_TRY_COMPILE.build/Debug/cmTC_f352e.build/DerivedSources/x86_64"
ignoring nonexistent directory "/Users/philipwenkel/GitHub/Phan/xbuild/CMakeFiles/CMakeTmp/CMAKE_TRY_COMPILE.build/Debug/cmTC_f352e.build/DerivedSources"
ignoring nonexistent directory "/Applications/Xcode-beta.app/Contents/Developer/Platforms/MacOSX.platform/Developer/SDKs/MacOSX11.3.sdk/usr/local/include"
ignoring nonexistent directory "/Applications/Xcode-beta.app/Contents/Developer/Platforms/MacOSX.platform/Developer/SDKs/MacOSX11.3.sdk/Library/Frameworks"
#include "..." search starts here:
#include <...> search starts here:
 /Users/philipwenkel/GitHub/Phan/xbuild/CMakeFiles/CMakeTmp/Debug (framework directory)
 /Applications/Xcode-beta.app/Contents/Developer/Toolchains/XcodeDefault.xctoolchain/usr/lib/clang/12.0.5/include
 /Applications/Xcode-beta.app/Contents/Developer/Platforms/MacOSX.platform/Developer/SDKs/MacOSX11.3.sdk/usr/include
 /Applications/Xcode-beta.app/Contents/Developer/Toolchains/XcodeDefault.xctoolchain/usr/include
 /Applications/Xcode-beta.app/Contents/Developer/Platforms/MacOSX.platform/Developer/SDKs/MacOSX11.3.sdk/System/Library/Frameworks (framework directory)
End of search list.

WriteAuxiliaryFile /Users/philipwenkel/GitHub/Phan/xbuild/CMakeFiles/CMakeTmp/CMAKE_TRY_COMPILE.build/Debug/cmTC_f352e.build/Objects-normal/x86_64/cmTC_f352e.LinkFileList (in target 'cmTC_f352e' from project 'CMAKE_TRY_COMPILE')
    cd /Users/philipwenkel/GitHub/Phan/xbuild/CMakeFiles/CMakeTmp
    write-file /Users/philipwenkel/GitHub/Phan/xbuild/CMakeFiles/CMakeTmp/CMAKE_TRY_COMPILE.build/Debug/cmTC_f352e.build/Objects-normal/x86_64/cmTC_f352e.LinkFileList

Ld /Users/philipwenkel/GitHub/Phan/xbuild/CMakeFiles/CMakeTmp/Debug/cmTC_f352e normal (in target 'cmTC_f352e' from project 'CMAKE_TRY_COMPILE')
    cd /Users/philipwenkel/GitHub/Phan/xbuild/CMakeFiles/CMakeTmp
    /Applications/Xcode-beta.app/Contents/Developer/Toolchains/XcodeDefault.xctoolchain/usr/bin/clang -target x86_64-apple-macos11.2 -isysroot /Applications/Xcode-beta.app/Contents/Developer/Platforms/MacOSX.platform/Developer/SDKs/MacOSX11.3.sdk -L/Users/philipwenkel/GitHub/Phan/xbuild/CMakeFiles/CMakeTmp/Debug -F/Users/philipwenkel/GitHub/Phan/xbuild/CMakeFiles/CMakeTmp/Debug -filelist /Users/philipwenkel/GitHub/Phan/xbuild/CMakeFiles/CMakeTmp/CMAKE_TRY_COMPILE.build/Debug/cmTC_f352e.build/Objects-normal/x86_64/cmTC_f352e.LinkFileList -Xlinker -object_path_lto -Xlinker /Users/philipwenkel/GitHub/Phan/xbuild/CMakeFiles/CMakeTmp/CMAKE_TRY_COMPILE.build/Debug/cmTC_f352e.build/Objects-normal/x86_64/cmTC_f352e_lto.o -Xlinker -no_deduplicate -v -Wl,-v -Wl,-search_paths_first -Wl,-headerpad_max_install_names -Xlinker -dependency_info -Xlinker /Users/philipwenkel/GitHub/Phan/xbuild/CMakeFiles/CMakeTmp/CMAKE_TRY_COMPILE.build/Debug/cmTC_f352e.build/Objects-normal/x86_64/cmTC_f352e_dependency_info.dat -o /Users/philipwenkel/GitHub/Phan/xbuild/CMakeFiles/CMakeTmp/Debug/cmTC_f352e
Apple clang version 12.0.5 (clang-1205.0.22.6)
Target: x86_64-apple-macos11.2
Thread model: posix
InstalledDir: /Applications/Xcode-beta.app/Contents/Developer/Toolchains/XcodeDefault.xctoolchain/usr/bin
 "/Applications/Xcode-beta.app/Contents/Developer/Toolchains/XcodeDefault.xctoolchain/usr/bin/ld" -demangle -lto_library /Applications/Xcode-beta.app/Contents/Developer/Toolchains/XcodeDefault.xctoolchain/usr/lib/libLTO.dylib -dynamic -arch x86_64 -platform_version macos 11.2.0 11.3 -syslibroot /Applications/Xcode-beta.app/Contents/Developer/Platforms/MacOSX.platform/Developer/SDKs/MacOSX11.3.sdk -o /Users/philipwenkel/GitHub/Phan/xbuild/CMakeFiles/CMakeTmp/Debug/cmTC_f352e -L/Users/philipwenkel/GitHub/Phan/xbuild/CMakeFiles/CMakeTmp/Debug -filelist /Users/philipwenkel/GitHub/Phan/xbuild/CMakeFiles/CMakeTmp/CMAKE_TRY_COMPILE.build/Debug/cmTC_f352e.build/Objects-normal/x86_64/cmTC_f352e.LinkFileList -object_path_lto /Users/philipwenkel/GitHub/Phan/xbuild/CMakeFiles/CMakeTmp/CMAKE_TRY_COMPILE.build/Debug/cmTC_f352e.build/Objects-normal/x86_64/cmTC_f352e_lto.o -no_deduplicate -v -search_paths_first -headerpad_max_install_names -dependency_info /Users/philipwenkel/GitHub/Phan/xbuild/CMakeFiles/CMakeTmp/CMAKE_TRY_COMPILE.build/Debug/cmTC_f352e.build/Objects-normal/x86_64/cmTC_f352e_dependency_info.dat -lSystem /Applications/Xcode-beta.app/Contents/Developer/Toolchains/XcodeDefault.xctoolchain/usr/lib/clang/12.0.5/lib/darwin/libclang_rt.osx.a -F/Users/philipwenkel/GitHub/Phan/xbuild/CMakeFiles/CMakeTmp/Debug
@(#)PROGRAM:ld  PROJECT:ld64-650.9
BUILD 08:52:42 Feb 25 2021
configured to support archs: armv6 armv7 armv7s arm64 arm64e arm64_32 i386 x86_64 x86_64h armv6m armv7k armv7m armv7em
Library search paths:
	/Users/philipwenkel/GitHub/Phan/xbuild/CMakeFiles/CMakeTmp/Debug
	/Applications/Xcode-beta.app/Contents/Developer/Platforms/MacOSX.platform/Developer/SDKs/MacOSX11.3.sdk/usr/lib
Framework search paths:
	/Users/philipwenkel/GitHub/Phan/xbuild/CMakeFiles/CMakeTmp/Debug
	/Applications/Xcode-beta.app/Contents/Developer/Platforms/MacOSX.platform/Developer/SDKs/MacOSX11.3.sdk/System/Library/Frameworks/

RegisterExecutionPolicyException /Users/philipwenkel/GitHub/Phan/xbuild/CMakeFiles/CMakeTmp/Debug/cmTC_f352e (in target 'cmTC_f352e' from project 'CMAKE_TRY_COMPILE')
    cd /Users/philipwenkel/GitHub/Phan/xbuild/CMakeFiles/CMakeTmp
    builtin-RegisterExecutionPolicyException /Users/philipwenkel/GitHub/Phan/xbuild/CMakeFiles/CMakeTmp/Debug/cmTC_f352e

** BUILD SUCCEEDED **




Parsed C implicit include dir info from above output: rv=done
  found start of include info
  found start of implicit include info
    add: [/Applications/Xcode-beta.app/Contents/Developer/Toolchains/XcodeDefault.xctoolchain/usr/lib/clang/12.0.5/include]
    add: [/Applications/Xcode-beta.app/Contents/Developer/Platforms/MacOSX.platform/Developer/SDKs/MacOSX11.3.sdk/usr/include]
    add: [/Applications/Xcode-beta.app/Contents/Developer/Toolchains/XcodeDefault.xctoolchain/usr/include]
  end of search list found
  collapse include dir [/Applications/Xcode-beta.app/Contents/Developer/Toolchains/XcodeDefault.xctoolchain/usr/lib/clang/12.0.5/include] ==> [/Applications/Xcode-beta.app/Contents/Developer/Toolchains/XcodeDefault.xctoolchain/usr/lib/clang/12.0.5/include]
  collapse include dir [/Applications/Xcode-beta.app/Contents/Developer/Platforms/MacOSX.platform/Developer/SDKs/MacOSX11.3.sdk/usr/include] ==> [/Applications/Xcode-beta.app/Contents/Developer/Platforms/MacOSX.platform/Developer/SDKs/MacOSX11.3.sdk/usr/include]
  collapse include dir [/Applications/Xcode-beta.app/Contents/Developer/Toolchains/XcodeDefault.xctoolchain/usr/include] ==> [/Applications/Xcode-beta.app/Contents/Developer/Toolchains/XcodeDefault.xctoolchain/usr/include]
  implicit include dirs: [/Applications/Xcode-beta.app/Contents/Developer/Toolchains/XcodeDefault.xctoolchain/usr/lib/clang/12.0.5/include;/Applications/Xcode-beta.app/Contents/Developer/Platforms/MacOSX.platform/Developer/SDKs/MacOSX11.3.sdk/usr/include;/Applications/Xcode-beta.app/Contents/Developer/Toolchains/XcodeDefault.xctoolchain/usr/include]


Parsed C implicit link information from above output:
  link line regex: [^( *|.*[/\])(ld|CMAKE_LINK_STARTFILE-NOTFOUND|([^/\]+-)?ld|collect2)[^/\]*( |$)]
  ignore line: [Change Dir: /Users/philipwenkel/GitHub/Phan/xbuild/CMakeFiles/CMakeTmp]
  ignore line: []
  ignore line: [Run Build Command(s):/usr/bin/xcodebuild -project CMAKE_TRY_COMPILE.xcodeproj build -target cmTC_f352e -parallelizeTargets -configuration Debug -hideShellScriptEnvironment && Command line invocation:]
  ignore line: [    /Applications/Xcode-beta.app/Contents/Developer/usr/bin/xcodebuild -project CMAKE_TRY_COMPILE.xcodeproj build -target cmTC_f352e -parallelizeTargets -configuration Debug -hideShellScriptEnvironment]
  ignore line: []
  ignore line: [User defaults from command line:]
  ignore line: [    HideShellScriptEnvironment = YES]
  ignore line: [    IDEPackageSupportUseBuiltinSCM = YES]
  ignore line: []
  ignore line: [note: Using new build system]
  ignore line: [note: Building targets in parallel]
  ignore line: [note: Planning build]
  ignore line: [note: Analyzing workspace]
  ignore line: [note: Constructing build description]
  ignore line: [note: Build preparation complete]
  ignore line: [CreateBuildDirectory /Users/philipwenkel/GitHub/Phan/xbuild/CMakeFiles/CMakeTmp]
  ignore line: [    cd /Users/philipwenkel/GitHub/Phan/xbuild/CMakeFiles/CMakeTmp/CMAKE_TRY_COMPILE.xcodeproj]
  ignore line: [    builtin-create-build-directory /Users/philipwenkel/GitHub/Phan/xbuild/CMakeFiles/CMakeTmp]
  ignore line: []
  ignore line: [CreateBuildDirectory /Users/philipwenkel/GitHub/Phan/xbuild/CMakeFiles/CMakeTmp/Debug]
  ignore line: [    cd /Users/philipwenkel/GitHub/Phan/xbuild/CMakeFiles/CMakeTmp/CMAKE_TRY_COMPILE.xcodeproj]
  ignore line: [    builtin-create-build-directory /Users/philipwenkel/GitHub/Phan/xbuild/CMakeFiles/CMakeTmp/Debug]
  ignore line: []
  ignore line: [CompileC /Users/philipwenkel/GitHub/Phan/xbuild/CMakeFiles/CMakeTmp/CMAKE_TRY_COMPILE.build/Debug/cmTC_f352e.build/Objects-normal/x86_64/CMakeCCompilerABI.o /usr/local/Cellar/cmake/3.19.6/share/cmake/Modules/CMakeCCompilerABI.c normal x86_64 c com.apple.compilers.llvm.clang.1_0.compiler (in target 'cmTC_f352e' from project 'CMAKE_TRY_COMPILE')]
  ignore line: [    cd /Users/philipwenkel/GitHub/Phan/xbuild/CMakeFiles/CMakeTmp]
  ignore line: [    /Applications/Xcode-beta.app/Contents/Developer/Toolchains/XcodeDefault.xctoolchain/usr/bin/clang -x c -target x86_64-apple-macos11.2 -fmessage-length\=0 -fdiagnostics-show-note-include-stack -fmacro-backtrace-limit\=0 -Wno-trigraphs -fpascal-strings -O0 -Wno-missing-field-initializers -Wno-missing-prototypes -Wno-return-type -Wno-missing-braces -Wparentheses -Wswitch -Wno-unused-function -Wno-unused-label -Wno-unused-parameter -Wno-unused-variable -Wunused-value -Wno-empty-body -Wno-uninitialized -Wno-unknown-pragmas -Wno-shadow -Wno-four-char-constants -Wno-conversion -Wno-constant-conversion -Wno-int-conversion -Wno-bool-conversion -Wno-enum-conversion -Wno-float-conversion -Wno-non-literal-null-conversion -Wno-objc-literal-conversion -Wno-shorten-64-to-32 -Wpointer-sign -Wno-newline-eof -DCMAKE_INTDIR\=\"Debug\" -isysroot /Applications/Xcode-beta.app/Contents/Developer/Platforms/MacOSX.platform/Developer/SDKs/MacOSX11.3.sdk -fasm-blocks -fstrict-aliasing -Wdeprecated-declarations -g -Wno-sign-conversion -Wno-infinite-recursion -Wno-comma -Wno-block-capture-autoreleasing -Wno-strict-prototypes -Wno-semicolon-before-method-body -I/Users/philipwenkel/GitHub/Phan/xbuild/CMakeFiles/CMakeTmp/Debug/include -I/Users/philipwenkel/GitHub/Phan/xbuild/CMakeFiles/CMakeTmp/CMAKE_TRY_COMPILE.build/Debug/cmTC_f352e.build/DerivedSources-normal/x86_64 -I/Users/philipwenkel/GitHub/Phan/xbuild/CMakeFiles/CMakeTmp/CMAKE_TRY_COMPILE.build/Debug/cmTC_f352e.build/DerivedSources/x86_64 -I/Users/philipwenkel/GitHub/Phan/xbuild/CMakeFiles/CMakeTmp/CMAKE_TRY_COMPILE.build/Debug/cmTC_f352e.build/DerivedSources -F/Users/philipwenkel/GitHub/Phan/xbuild/CMakeFiles/CMakeTmp/Debug -v -Wl -v -MMD -MT dependencies -MF /Users/philipwenkel/GitHub/Phan/xbuild/CMakeFiles/CMakeTmp/CMAKE_TRY_COMPILE.build/Debug/cmTC_f352e.build/Objects-normal/x86_64/CMakeCCompilerABI.d --serialize-diagnostics /Users/philipwenkel/GitHub/Phan/xbuild/CMakeFiles/CMakeTmp/CMAKE_TRY_COMPILE.build/Debug/cmTC_f352e.build/Objects-normal/x86_64/CMakeCCompilerABI.dia -c /usr/local/Cellar/cmake/3.19.6/share/cmake/Modules/CMakeCCompilerABI.c -o /Users/philipwenkel/GitHub/Phan/xbuild/CMakeFiles/CMakeTmp/CMAKE_TRY_COMPILE.build/Debug/cmTC_f352e.build/Objects-normal/x86_64/CMakeCCompilerABI.o]
  ignore line: [Apple clang version 12.0.5 (clang-1205.0.22.6)]
  ignore line: [Target: x86_64-apple-macos11.2]
  ignore line: [Thread model: posix]
  ignore line: [InstalledDir: /Applications/Xcode-beta.app/Contents/Developer/Toolchains/XcodeDefault.xctoolchain/usr/bin]
  ignore line: [clang: warning: -Wl -v: 'linker' input unused [-Wunused-command-line-argument]]
  ignore line: [ "/Applications/Xcode-beta.app/Contents/Developer/Toolchains/XcodeDefault.xctoolchain/usr/bin/clang" -cc1 -triple x86_64-apple-macosx11.2.0 -Wundef-prefix=TARGET_OS_ -Werror=undef-prefix -Wdeprecated-objc-isa-usage -Werror=deprecated-objc-isa-usage -Werror=implicit-function-declaration -emit-obj -mrelax-all -disable-free -disable-llvm-verifier -discard-value-names -main-file-name CMakeCCompilerABI.c -mrelocation-model pic -pic-level 2 -mframe-pointer=all -fno-strict-return -fno-rounding-math -munwind-tables -target-sdk-version=11.3 -fvisibility-inlines-hidden-static-local-var -target-cpu penryn -debug-info-kind=standalone -dwarf-version=4 -debugger-tuning=lldb -target-linker-version 650.9 -v -resource-dir /Applications/Xcode-beta.app/Contents/Developer/Toolchains/XcodeDefault.xctoolchain/usr/lib/clang/12.0.5 -dependency-file /Users/philipwenkel/GitHub/Phan/xbuild/CMakeFiles/CMakeTmp/CMAKE_TRY_COMPILE.build/Debug/cmTC_f352e.build/Objects-normal/x86_64/CMakeCCompilerABI.d -skip-unused-modulemap-deps -MT dependencies -isysroot /Applications/Xcode-beta.app/Contents/Developer/Platforms/MacOSX.platform/Developer/SDKs/MacOSX11.3.sdk -D "CMAKE_INTDIR=\"Debug\"" -I /Users/philipwenkel/GitHub/Phan/xbuild/CMakeFiles/CMakeTmp/Debug/include -I /Users/philipwenkel/GitHub/Phan/xbuild/CMakeFiles/CMakeTmp/CMAKE_TRY_COMPILE.build/Debug/cmTC_f352e.build/DerivedSources-normal/x86_64 -I /Users/philipwenkel/GitHub/Phan/xbuild/CMakeFiles/CMakeTmp/CMAKE_TRY_COMPILE.build/Debug/cmTC_f352e.build/DerivedSources/x86_64 -I /Users/philipwenkel/GitHub/Phan/xbuild/CMakeFiles/CMakeTmp/CMAKE_TRY_COMPILE.build/Debug/cmTC_f352e.build/DerivedSources -F/Users/philipwenkel/GitHub/Phan/xbuild/CMakeFiles/CMakeTmp/Debug -internal-isystem /Applications/Xcode-beta.app/Contents/Developer/Platforms/MacOSX.platform/Developer/SDKs/MacOSX11.3.sdk/usr/local/include -internal-isystem /Applications/Xcode-beta.app/Contents/Developer/Toolchains/XcodeDefault.xctoolchain/usr/lib/clang/12.0.5/include -internal-externc-isystem /Applications/Xcode-beta.app/Contents/Developer/Platforms/MacOSX.platform/Developer/SDKs/MacOSX11.3.sdk/usr/include -internal-externc-isystem /Applications/Xcode-beta.app/Contents/Developer/Toolchains/XcodeDefault.xctoolchain/usr/include -O0 -Wno-trigraphs -Wno-missing-field-initializers -Wno-missing-prototypes -Wno-return-type -Wno-missing-braces -Wparentheses -Wswitch -Wno-unused-function -Wno-unused-label -Wno-unused-parameter -Wno-unused-variable -Wunused-value -Wno-empty-body -Wno-uninitialized -Wno-unknown-pragmas -Wno-shadow -Wno-four-char-constants -Wno-conversion -Wno-constant-conversion -Wno-int-conversion -Wno-bool-conversion -Wno-enum-conversion -Wno-float-conversion -Wno-non-literal-null-conversion -Wno-objc-literal-conversion -Wno-shorten-64-to-32 -Wpointer-sign -Wno-newline-eof -Wdeprecated-declarations -Wno-sign-conversion -Wno-infinite-recursion -Wno-comma -Wno-block-capture-autoreleasing -Wno-strict-prototypes -Wno-semicolon-before-method-body -Wno-reorder-init-list -Wno-implicit-int-float-conversion -Wno-c99-designator -Wno-final-dtor-non-final-class -Wno-extra-semi-stmt -Wno-misleading-indentation -Wno-quoted-include-in-framework-header -Wno-implicit-fallthrough -Wno-enum-enum-conversion -Wno-enum-float-conversion -Wno-elaborated-enum-base -fdebug-compilation-dir /Users/philipwenkel/GitHub/Phan/xbuild/CMakeFiles/CMakeTmp -ferror-limit 19 -fmacro-backtrace-limit 0 -stack-protector 1 -fstack-check -mdarwin-stkchk-strong-link -fblocks -fencode-extended-block-signature -fregister-global-dtors-with-atexit -fgnuc-version=4.2.1 -fpascal-strings -fmax-type-align=16 -fcommon -fdiagnostics-show-note-include-stack -fasm-blocks -serialize-diagnostic-file /Users/philipwenkel/GitHub/Phan/xbuild/CMakeFiles/CMakeTmp/CMAKE_TRY_COMPILE.build/Debug/cmTC_f352e.build/Objects-normal/x86_64/CMakeCCompilerABI.dia -clang-vendor-feature=+disableNonDependentMemberExprInCurrentInstantiation -fno-odr-hash-protocols -mllvm -disable-aligned-alloc-awareness=1 -o /Users/philipwenkel/GitHub/Phan/xbuild/CMakeFiles/CMakeTmp/CMAKE_TRY_COMPILE.build/Debug/cmTC_f352e.build/Objects-normal/x86_64/CMakeCCompilerABI.o -x c /usr/local/Cellar/cmake/3.19.6/share/cmake/Modules/CMakeCCompilerABI.c]
  ignore line: [clang -cc1 version 12.0.5 (clang-1205.0.22.6) default target x86_64-apple-darwin20.3.0]
  ignore line: [ignoring nonexistent directory "/Users/philipwenkel/GitHub/Phan/xbuild/CMakeFiles/CMakeTmp/Debug/include"]
  ignore line: [ignoring nonexistent directory "/Users/philipwenkel/GitHub/Phan/xbuild/CMakeFiles/CMakeTmp/CMAKE_TRY_COMPILE.build/Debug/cmTC_f352e.build/DerivedSources-normal/x86_64"]
  ignore line: [ignoring nonexistent directory "/Users/philipwenkel/GitHub/Phan/xbuild/CMakeFiles/CMakeTmp/CMAKE_TRY_COMPILE.build/Debug/cmTC_f352e.build/DerivedSources/x86_64"]
  ignore line: [ignoring nonexistent directory "/Users/philipwenkel/GitHub/Phan/xbuild/CMakeFiles/CMakeTmp/CMAKE_TRY_COMPILE.build/Debug/cmTC_f352e.build/DerivedSources"]
  ignore line: [ignoring nonexistent directory "/Applications/Xcode-beta.app/Contents/Developer/Platforms/MacOSX.platform/Developer/SDKs/MacOSX11.3.sdk/usr/local/include"]
  ignore line: [ignoring nonexistent directory "/Applications/Xcode-beta.app/Contents/Developer/Platforms/MacOSX.platform/Developer/SDKs/MacOSX11.3.sdk/Library/Frameworks"]
  ignore line: [#include "..." search starts here:]
  ignore line: [#include <...> search starts here:]
  ignore line: [ /Users/philipwenkel/GitHub/Phan/xbuild/CMakeFiles/CMakeTmp/Debug (framework directory)]
  ignore line: [ /Applications/Xcode-beta.app/Contents/Developer/Toolchains/XcodeDefault.xctoolchain/usr/lib/clang/12.0.5/include]
  ignore line: [ /Applications/Xcode-beta.app/Contents/Developer/Platforms/MacOSX.platform/Developer/SDKs/MacOSX11.3.sdk/usr/include]
  ignore line: [ /Applications/Xcode-beta.app/Contents/Developer/Toolchains/XcodeDefault.xctoolchain/usr/include]
  ignore line: [ /Applications/Xcode-beta.app/Contents/Developer/Platforms/MacOSX.platform/Developer/SDKs/MacOSX11.3.sdk/System/Library/Frameworks (framework directory)]
  ignore line: [End of search list.]
  ignore line: []
  ignore line: [WriteAuxiliaryFile /Users/philipwenkel/GitHub/Phan/xbuild/CMakeFiles/CMakeTmp/CMAKE_TRY_COMPILE.build/Debug/cmTC_f352e.build/Objects-normal/x86_64/cmTC_f352e.LinkFileList (in target 'cmTC_f352e' from project 'CMAKE_TRY_COMPILE')]
  ignore line: [    cd /Users/philipwenkel/GitHub/Phan/xbuild/CMakeFiles/CMakeTmp]
  ignore line: [    write-file /Users/philipwenkel/GitHub/Phan/xbuild/CMakeFiles/CMakeTmp/CMAKE_TRY_COMPILE.build/Debug/cmTC_f352e.build/Objects-normal/x86_64/cmTC_f352e.LinkFileList]
  ignore line: []
  ignore line: [Ld /Users/philipwenkel/GitHub/Phan/xbuild/CMakeFiles/CMakeTmp/Debug/cmTC_f352e normal (in target 'cmTC_f352e' from project 'CMAKE_TRY_COMPILE')]
  ignore line: [    cd /Users/philipwenkel/GitHub/Phan/xbuild/CMakeFiles/CMakeTmp]
  ignore line: [    /Applications/Xcode-beta.app/Contents/Developer/Toolchains/XcodeDefault.xctoolchain/usr/bin/clang -target x86_64-apple-macos11.2 -isysroot /Applications/Xcode-beta.app/Contents/Developer/Platforms/MacOSX.platform/Developer/SDKs/MacOSX11.3.sdk -L/Users/philipwenkel/GitHub/Phan/xbuild/CMakeFiles/CMakeTmp/Debug -F/Users/philipwenkel/GitHub/Phan/xbuild/CMakeFiles/CMakeTmp/Debug -filelist /Users/philipwenkel/GitHub/Phan/xbuild/CMakeFiles/CMakeTmp/CMAKE_TRY_COMPILE.build/Debug/cmTC_f352e.build/Objects-normal/x86_64/cmTC_f352e.LinkFileList -Xlinker -object_path_lto -Xlinker /Users/philipwenkel/GitHub/Phan/xbuild/CMakeFiles/CMakeTmp/CMAKE_TRY_COMPILE.build/Debug/cmTC_f352e.build/Objects-normal/x86_64/cmTC_f352e_lto.o -Xlinker -no_deduplicate -v -Wl -v -Wl -search_paths_first -Wl -headerpad_max_install_names -Xlinker -dependency_info -Xlinker /Users/philipwenkel/GitHub/Phan/xbuild/CMakeFiles/CMakeTmp/CMAKE_TRY_COMPILE.build/Debug/cmTC_f352e.build/Objects-normal/x86_64/cmTC_f352e_dependency_info.dat -o /Users/philipwenkel/GitHub/Phan/xbuild/CMakeFiles/CMakeTmp/Debug/cmTC_f352e]
  ignore line: [Apple clang version 12.0.5 (clang-1205.0.22.6)]
  ignore line: [Target: x86_64-apple-macos11.2]
  ignore line: [Thread model: posix]
  ignore line: [InstalledDir: /Applications/Xcode-beta.app/Contents/Developer/Toolchains/XcodeDefault.xctoolchain/usr/bin]
  reduced line: [ "/Applications/Xcode-beta.app/Contents/Developer/Toolchains/XcodeDefault.xctoolchain/usr/bin/ld" -demangle -lto_library /Applications/Xcode-beta.app/Contents/Developer/Toolchains/XcodeDefault.xctoolchain/usr/lib/libLTO.dylib -dynamic -arch x86_64 -platform_version macos 11.2.0 11.3 -syslibroot /Applications/Xcode-beta.app/Contents/Developer/Platforms/MacOSX.platform/Developer/SDKs/MacOSX11.3.sdk -o /Users/philipwenkel/GitHub/Phan/xbuild/CMakeFiles/CMakeTmp/Debug/cmTC_f352e -L/Users/philipwenkel/GitHub/Phan/xbuild/CMakeFiles/CMakeTmp/Debug -filelist /Users/philipwenkel/GitHub/Phan/xbuild/CMakeFiles/CMakeTmp/CMAKE_TRY_COMPILE.build/Debug/cmTC_f352e.build/Objects-normal/x86_64/cmTC_f352e.LinkFileList -object_path_lto /Users/philipwenkel/GitHub/Phan/xbuild/CMakeFiles/CMakeTmp/CMAKE_TRY_COMPILE.build/Debug/cmTC_f352e.build/Objects-normal/x86_64/cmTC_f352e_lto.o -no_deduplicate -v -search_paths_first -headerpad_max_install_names -dependency_info /Users/philipwenkel/GitHub/Phan/xbuild/CMakeFiles/CMakeTmp/CMAKE_TRY_COMPILE.build/Debug/cmTC_f352e.build/Objects-normal/x86_64/cmTC_f352e_dependency_info.dat -lSystem /Applications/Xcode-beta.app/Contents/Developer/Toolchains/XcodeDefault.xctoolchain/usr/lib/clang/12.0.5/lib/darwin/libclang_rt.osx.a -F/Users/philipwenkel/GitHub/Phan/xbuild/CMakeFiles/CMakeTmp/Debug]
            to: [ "/Applications/Xcode-beta.app/Contents/Developer/Toolchains/XcodeDefault.xctoolchain/usr/bin/ld" -demangle -lto_library /Applications/Xcode-beta.app/Contents/Developer/Toolchains/XcodeDefault.xctoolchain/usr/lib/libLTO.dylib -dynamic -arch x86_64 -platform_version macos 11.2.0 11.3 -syslibroot /Applications/Xcode-beta.app/Contents/Developer/Platforms/MacOSX.platform/Developer/SDKs/MacOSX11.3.sdk -o /Users/philipwenkel/GitHub/Phan/xbuild/CMakeFiles/CMakeTmp/Debug/cmTC_f352e -filelist /Users/philipwenkel/GitHub/Phan/xbuild/CMakeFiles/CMakeTmp/CMAKE_TRY_COMPILE.build/Debug/cmTC_f352e.build/Objects-normal/x86_64/cmTC_f352e.LinkFileList -object_path_lto /Users/philipwenkel/GitHub/Phan/xbuild/CMakeFiles/CMakeTmp/CMAKE_TRY_COMPILE.build/Debug/cmTC_f352e.build/Objects-normal/x86_64/cmTC_f352e_lto.o -no_deduplicate -v -search_paths_first -headerpad_max_install_names -dependency_info /Users/philipwenkel/GitHub/Phan/xbuild/CMakeFiles/CMakeTmp/CMAKE_TRY_COMPILE.build/Debug/cmTC_f352e.build/Objects-normal/x86_64/cmTC_f352e_dependency_info.dat -lSystem /Applications/Xcode-beta.app/Contents/Developer/Toolchains/XcodeDefault.xctoolchain/usr/lib/clang/12.0.5/lib/darwin/libclang_rt.osx.a ]
  link line: [ "/Applications/Xcode-beta.app/Contents/Developer/Toolchains/XcodeDefault.xctoolchain/usr/bin/ld" -demangle -lto_library /Applications/Xcode-beta.app/Contents/Developer/Toolchains/XcodeDefault.xctoolchain/usr/lib/libLTO.dylib -dynamic -arch x86_64 -platform_version macos 11.2.0 11.3 -syslibroot /Applications/Xcode-beta.app/Contents/Developer/Platforms/MacOSX.platform/Developer/SDKs/MacOSX11.3.sdk -o /Users/philipwenkel/GitHub/Phan/xbuild/CMakeFiles/CMakeTmp/Debug/cmTC_f352e -filelist /Users/philipwenkel/GitHub/Phan/xbuild/CMakeFiles/CMakeTmp/CMAKE_TRY_COMPILE.build/Debug/cmTC_f352e.build/Objects-normal/x86_64/cmTC_f352e.LinkFileList -object_path_lto /Users/philipwenkel/GitHub/Phan/xbuild/CMakeFiles/CMakeTmp/CMAKE_TRY_COMPILE.build/Debug/cmTC_f352e.build/Objects-normal/x86_64/cmTC_f352e_lto.o -no_deduplicate -v -search_paths_first -headerpad_max_install_names -dependency_info /Users/philipwenkel/GitHub/Phan/xbuild/CMakeFiles/CMakeTmp/CMAKE_TRY_COMPILE.build/Debug/cmTC_f352e.build/Objects-normal/x86_64/cmTC_f352e_dependency_info.dat -lSystem /Applications/Xcode-beta.app/Contents/Developer/Toolchains/XcodeDefault.xctoolchain/usr/lib/clang/12.0.5/lib/darwin/libclang_rt.osx.a ]
    arg [/Applications/Xcode-beta.app/Contents/Developer/Toolchains/XcodeDefault.xctoolchain/usr/bin/ld] ==> ignore
    arg [-demangle] ==> ignore
    arg [-lto_library] ==> ignore, skip following value
    arg [/Applications/Xcode-beta.app/Contents/Developer/Toolchains/XcodeDefault.xctoolchain/usr/lib/libLTO.dylib] ==> skip value of -lto_library
    arg [-dynamic] ==> ignore
    arg [-arch] ==> ignore
    arg [x86_64] ==> ignore
    arg [-platform_version] ==> ignore
    arg [macos] ==> ignore
    arg [11.2.0] ==> ignore
    arg [11.3] ==> ignore
    arg [-syslibroot] ==> ignore
    arg [/Applications/Xcode-beta.app/Contents/Developer/Platforms/MacOSX.platform/Developer/SDKs/MacOSX11.3.sdk] ==> ignore
    arg [-o] ==> ignore
    arg [/Users/philipwenkel/GitHub/Phan/xbuild/CMakeFiles/CMakeTmp/Debug/cmTC_f352e] ==> ignore
    arg [-filelist] ==> ignore
    arg [/Users/philipwenkel/GitHub/Phan/xbuild/CMakeFiles/CMakeTmp/CMAKE_TRY_COMPILE.build/Debug/cmTC_f352e.build/Objects-normal/x86_64/cmTC_f352e.LinkFileList] ==> ignore
    arg [-object_path_lto] ==> ignore
    arg [/Users/philipwenkel/GitHub/Phan/xbuild/CMakeFiles/CMakeTmp/CMAKE_TRY_COMPILE.build/Debug/cmTC_f352e.build/Objects-normal/x86_64/cmTC_f352e_lto.o] ==> ignore
    arg [-no_deduplicate] ==> ignore
    arg [-v] ==> ignore
    arg [-search_paths_first] ==> ignore
    arg [-headerpad_max_install_names] ==> ignore
    arg [-dependency_info] ==> ignore
    arg [/Users/philipwenkel/GitHub/Phan/xbuild/CMakeFiles/CMakeTmp/CMAKE_TRY_COMPILE.build/Debug/cmTC_f352e.build/Objects-normal/x86_64/cmTC_f352e_dependency_info.dat] ==> ignore
    arg [-lSystem] ==> lib [System]
    arg [/Applications/Xcode-beta.app/Contents/Developer/Toolchains/XcodeDefault.xctoolchain/usr/lib/clang/12.0.5/lib/darwin/libclang_rt.osx.a] ==> lib [/Applications/Xcode-beta.app/Contents/Developer/Toolchains/XcodeDefault.xctoolchain/usr/lib/clang/12.0.5/lib/darwin/libclang_rt.osx.a]
  Library search paths: [;/Users/philipwenkel/GitHub/Phan/xbuild/CMakeFiles/CMakeTmp/Debug;/Applications/Xcode-beta.app/Contents/Developer/Platforms/MacOSX.platform/Developer/SDKs/MacOSX11.3.sdk/usr/lib]
  Framework search paths: [;/Users/philipwenkel/GitHub/Phan/xbuild/CMakeFiles/CMakeTmp/Debug;/Applications/Xcode-beta.app/Contents/Developer/Platforms/MacOSX.platform/Developer/SDKs/MacOSX11.3.sdk/System/Library/Frameworks/]
  remove lib [System]
  remove lib [/Applications/Xcode-beta.app/Contents/Developer/Toolchains/XcodeDefault.xctoolchain/usr/lib/clang/12.0.5/lib/darwin/libclang_rt.osx.a]
  collapse library dir [/Users/philipwenkel/GitHub/Phan/xbuild/CMakeFiles/CMakeTmp/Debug] ==> [/Users/philipwenkel/GitHub/Phan/xbuild/CMakeFiles/CMakeTmp/Debug], skipping non-system directory
  collapse library dir [/Applications/Xcode-beta.app/Contents/Developer/Platforms/MacOSX.platform/Developer/SDKs/MacOSX11.3.sdk/usr/lib] ==> [/Applications/Xcode-beta.app/Contents/Developer/Platforms/MacOSX.platform/Developer/SDKs/MacOSX11.3.sdk/usr/lib]
  collapse framework dir [/Users/philipwenkel/GitHub/Phan/xbuild/CMakeFiles/CMakeTmp/Debug] ==> [/Users/philipwenkel/GitHub/Phan/xbuild/CMakeFiles/CMakeTmp/Debug], skipping non-system directory
  collapse framework dir [/Applications/Xcode-beta.app/Contents/Developer/Platforms/MacOSX.platform/Developer/SDKs/MacOSX11.3.sdk/System/Library/Frameworks/] ==> [/Applications/Xcode-beta.app/Contents/Developer/Platforms/MacOSX.platform/Developer/SDKs/MacOSX11.3.sdk/System/Library/Frameworks]
  implicit libs: []
  implicit dirs: [/Applications/Xcode-beta.app/Contents/Developer/Platforms/MacOSX.platform/Developer/SDKs/MacOSX11.3.sdk/usr/lib]
  implicit fwks: [/Applications/Xcode-beta.app/Contents/Developer/Platforms/MacOSX.platform/Developer/SDKs/MacOSX11.3.sdk/System/Library/Frameworks]


Detecting CXX compiler ABI info compiled with the following output:
Change Dir: /Users/philipwenkel/GitHub/Phan/xbuild/CMakeFiles/CMakeTmp

Run Build Command(s):/usr/bin/xcodebuild -project CMAKE_TRY_COMPILE.xcodeproj build -target cmTC_9ee2f -parallelizeTargets -configuration Debug -hideShellScriptEnvironment && Command line invocation:
    /Applications/Xcode-beta.app/Contents/Developer/usr/bin/xcodebuild -project CMAKE_TRY_COMPILE.xcodeproj build -target cmTC_9ee2f -parallelizeTargets -configuration Debug -hideShellScriptEnvironment

User defaults from command line:
    HideShellScriptEnvironment = YES
    IDEPackageSupportUseBuiltinSCM = YES

note: Using new build system
note: Building targets in parallel
note: Planning build
note: Analyzing workspace
note: Constructing build description
note: Build preparation complete
CreateBuildDirectory /Users/philipwenkel/GitHub/Phan/xbuild/CMakeFiles/CMakeTmp
    cd /Users/philipwenkel/GitHub/Phan/xbuild/CMakeFiles/CMakeTmp/CMAKE_TRY_COMPILE.xcodeproj
    builtin-create-build-directory /Users/philipwenkel/GitHub/Phan/xbuild/CMakeFiles/CMakeTmp

CreateBuildDirectory /Users/philipwenkel/GitHub/Phan/xbuild/CMakeFiles/CMakeTmp/Debug
    cd /Users/philipwenkel/GitHub/Phan/xbuild/CMakeFiles/CMakeTmp/CMAKE_TRY_COMPILE.xcodeproj
    builtin-create-build-directory /Users/philipwenkel/GitHub/Phan/xbuild/CMakeFiles/CMakeTmp/Debug

WriteAuxiliaryFile /Users/philipwenkel/GitHub/Phan/xbuild/CMakeFiles/CMakeTmp/CMAKE_TRY_COMPILE.build/Debug/cmTC_9ee2f.build/Objects-normal/x86_64/cmTC_9ee2f.LinkFileList (in target 'cmTC_9ee2f' from project 'CMAKE_TRY_COMPILE')
    cd /Users/philipwenkel/GitHub/Phan/xbuild/CMakeFiles/CMakeTmp
    write-file /Users/philipwenkel/GitHub/Phan/xbuild/CMakeFiles/CMakeTmp/CMAKE_TRY_COMPILE.build/Debug/cmTC_9ee2f.build/Objects-normal/x86_64/cmTC_9ee2f.LinkFileList

CompileC /Users/philipwenkel/GitHub/Phan/xbuild/CMakeFiles/CMakeTmp/CMAKE_TRY_COMPILE.build/Debug/cmTC_9ee2f.build/Objects-normal/x86_64/CMakeCXXCompilerABI.o /usr/local/Cellar/cmake/3.19.6/share/cmake/Modules/CMakeCXXCompilerABI.cpp normal x86_64 c++ com.apple.compilers.llvm.clang.1_0.compiler (in target 'cmTC_9ee2f' from project 'CMAKE_TRY_COMPILE')
    cd /Users/philipwenkel/GitHub/Phan/xbuild/CMakeFiles/CMakeTmp
    /Applications/Xcode-beta.app/Contents/Developer/Toolchains/XcodeDefault.xctoolchain/usr/bin/clang -x c++ -target x86_64-apple-macos11.2 -fmessage-length\=0 -fdiagnostics-show-note-include-stack -fmacro-backtrace-limit\=0 -Wno-trigraphs -fpascal-strings -O0 -Wno-missing-field-initializers -Wno-missing-prototypes -Wno-return-type -Wno-non-virtual-dtor -Wno-overloaded-virtual -Wno-exit-time-destructors -Wno-missing-braces -Wparentheses -Wswitch -Wno-unused-function -Wno-unused-label -Wno-unused-parameter -Wno-unused-variable -Wunused-value -Wno-empty-body -Wno-uninitialized -Wno-unknown-pragmas -Wno-shadow -Wno-four-char-constants -Wno-conversion -Wno-constant-conversion -Wno-int-conversion -Wno-bool-conversion -Wno-enum-conversion -Wno-float-conversion -Wno-non-literal-null-conversion -Wno-objc-literal-conversion -Wno-shorten-64-to-32 -Wno-newline-eof -Wno-c++11-extensions -DCMAKE_INTDIR\=\"Debug\" -isysroot /Applications/Xcode-beta.app/Contents/Developer/Platforms/MacOSX.platform/Developer/SDKs/MacOSX11.3.sdk -fasm-blocks -fstrict-aliasing -Wdeprecated-declarations -Winvalid-offsetof -g -Wno-sign-conversion -Wno-infinite-recursion -Wno-move -Wno-comma -Wno-block-capture-autoreleasing -Wno-strict-prototypes -Wno-range-loop-analysis -Wno-semicolon-before-method-body -I/Users/philipwenkel/GitHub/Phan/xbuild/CMakeFiles/CMakeTmp/Debug/include -I/Users/philipwenkel/GitHub/Phan/xbuild/CMakeFiles/CMakeTmp/CMAKE_TRY_COMPILE.build/Debug/cmTC_9ee2f.build/DerivedSources-normal/x86_64 -I/Users/philipwenkel/GitHub/Phan/xbuild/CMakeFiles/CMakeTmp/CMAKE_TRY_COMPILE.build/Debug/cmTC_9ee2f.build/DerivedSources/x86_64 -I/Users/philipwenkel/GitHub/Phan/xbuild/CMakeFiles/CMakeTmp/CMAKE_TRY_COMPILE.build/Debug/cmTC_9ee2f.build/DerivedSources -F/Users/philipwenkel/GitHub/Phan/xbuild/CMakeFiles/CMakeTmp/Debug -v -Wl,-v -MMD -MT dependencies -MF /Users/philipwenkel/GitHub/Phan/xbuild/CMakeFiles/CMakeTmp/CMAKE_TRY_COMPILE.build/Debug/cmTC_9ee2f.build/Objects-normal/x86_64/CMakeCXXCompilerABI.d --serialize-diagnostics /Users/philipwenkel/GitHub/Phan/xbuild/CMakeFiles/CMakeTmp/CMAKE_TRY_COMPILE.build/Debug/cmTC_9ee2f.build/Objects-normal/x86_64/CMakeCXXCompilerABI.dia -c /usr/local/Cellar/cmake/3.19.6/share/cmake/Modules/CMakeCXXCompilerABI.cpp -o /Users/philipwenkel/GitHub/Phan/xbuild/CMakeFiles/CMakeTmp/CMAKE_TRY_COMPILE.build/Debug/cmTC_9ee2f.build/Objects-normal/x86_64/CMakeCXXCompilerABI.o
Apple clang version 12.0.5 (clang-1205.0.22.6)
Target: x86_64-apple-macos11.2
Thread model: posix
InstalledDir: /Applications/Xcode-beta.app/Contents/Developer/Toolchains/XcodeDefault.xctoolchain/usr/bin
clang: warning: -Wl,-v: 'linker' input unused [-Wunused-command-line-argument]
 "/Applications/Xcode-beta.app/Contents/Developer/Toolchains/XcodeDefault.xctoolchain/usr/bin/clang" -cc1 -triple x86_64-apple-macosx11.2.0 -Wundef-prefix=TARGET_OS_ -Werror=undef-prefix -Wdeprecated-objc-isa-usage -Werror=deprecated-objc-isa-usage -Werror=implicit-function-declaration -emit-obj -mrelax-all -disable-free -disable-llvm-verifier -discard-value-names -main-file-name CMakeCXXCompilerABI.cpp -mrelocation-model pic -pic-level 2 -mframe-pointer=all -fno-strict-return -fno-rounding-math -munwind-tables -target-sdk-version=11.3 -fvisibility-inlines-hidden-static-local-var -target-cpu penryn -debug-info-kind=standalone -dwarf-version=4 -debugger-tuning=lldb -target-linker-version 650.9 -v -resource-dir /Applications/Xcode-beta.app/Contents/Developer/Toolchains/XcodeDefault.xctoolchain/usr/lib/clang/12.0.5 -dependency-file /Users/philipwenkel/GitHub/Phan/xbuild/CMakeFiles/CMakeTmp/CMAKE_TRY_COMPILE.build/Debug/cmTC_9ee2f.build/Objects-normal/x86_64/CMakeCXXCompilerABI.d -skip-unused-modulemap-deps -MT dependencies -isysroot /Applications/Xcode-beta.app/Contents/Developer/Platforms/MacOSX.platform/Developer/SDKs/MacOSX11.3.sdk -D "CMAKE_INTDIR=\"Debug\"" -I /Users/philipwenkel/GitHub/Phan/xbuild/CMakeFiles/CMakeTmp/Debug/include -I /Users/philipwenkel/GitHub/Phan/xbuild/CMakeFiles/CMakeTmp/CMAKE_TRY_COMPILE.build/Debug/cmTC_9ee2f.build/DerivedSources-normal/x86_64 -I /Users/philipwenkel/GitHub/Phan/xbuild/CMakeFiles/CMakeTmp/CMAKE_TRY_COMPILE.build/Debug/cmTC_9ee2f.build/DerivedSources/x86_64 -I /Users/philipwenkel/GitHub/Phan/xbuild/CMakeFiles/CMakeTmp/CMAKE_TRY_COMPILE.build/Debug/cmTC_9ee2f.build/DerivedSources -F/Users/philipwenkel/GitHub/Phan/xbuild/CMakeFiles/CMakeTmp/Debug -stdlib=libc++ -internal-isystem /Applications/Xcode-beta.app/Contents/Developer/Platforms/MacOSX.platform/Developer/SDKs/MacOSX11.3.sdk/usr/include/c++/v1 -internal-isystem /Applications/Xcode-beta.app/Contents/Developer/Platforms/MacOSX.platform/Developer/SDKs/MacOSX11.3.sdk/usr/local/include -internal-isystem /Applications/Xcode-beta.app/Contents/Developer/Toolchains/XcodeDefault.xctoolchain/usr/lib/clang/12.0.5/include -internal-externc-isystem /Applications/Xcode-beta.app/Contents/Developer/Platforms/MacOSX.platform/Developer/SDKs/MacOSX11.3.sdk/usr/include -internal-externc-isystem /Applications/Xcode-beta.app/Contents/Developer/Toolchains/XcodeDefault.xctoolchain/usr/include -O0 -Wno-trigraphs -Wno-missing-field-initializers -Wno-missing-prototypes -Wno-return-type -Wno-non-virtual-dtor -Wno-overloaded-virtual -Wno-exit-time-destructors -Wno-missing-braces -Wparentheses -Wswitch -Wno-unused-function -Wno-unused-label -Wno-unused-parameter -Wno-unused-variable -Wunused-value -Wno-empty-body -Wno-uninitialized -Wno-unknown-pragmas -Wno-shadow -Wno-four-char-constants -Wno-conversion -Wno-constant-conversion -Wno-int-conversion -Wno-bool-conversion -Wno-enum-conversion -Wno-float-conversion -Wno-non-literal-null-conversion -Wno-objc-literal-conversion -Wno-shorten-64-to-32 -Wno-newline-eof -Wno-c++11-extensions -Wdeprecated-declarations -Winvalid-offsetof -Wno-sign-conversion -Wno-infinite-recursion -Wno-move -Wno-comma -Wno-block-capture-autoreleasing -Wno-strict-prototypes -Wno-range-loop-analysis -Wno-semicolon-before-method-body -Wno-reorder-init-list -Wno-implicit-int-float-conversion -Wno-c99-designator -Wno-final-dtor-non-final-class -Wno-extra-semi-stmt -Wno-misleading-indentation -Wno-quoted-include-in-framework-header -Wno-implicit-fallthrough -Wno-enum-enum-conversion -Wno-enum-float-conversion -Wno-elaborated-enum-base -fdeprecated-macro -fdebug-compilation-dir /Users/philipwenkel/GitHub/Phan/xbuild/CMakeFiles/CMakeTmp -ferror-limit 19 -fmacro-backtrace-limit 0 -stack-protector 1 -fstack-check -mdarwin-stkchk-strong-link -fblocks -fencode-extended-block-signature -fregister-global-dtors-with-atexit -fgnuc-version=4.2.1 -fcxx-exceptions -fexceptions -fpascal-strings -fmax-type-align=16 -fcommon -fdiagnostics-show-note-include-stack -fasm-blocks -serialize-diagnostic-file /Users/philipwenkel/GitHub/Phan/xbuild/CMakeFiles/CMakeTmp/CMAKE_TRY_COMPILE.build/Debug/cmTC_9ee2f.build/Objects-normal/x86_64/CMakeCXXCompilerABI.dia -clang-vendor-feature=+disableNonDependentMemberExprInCurrentInstantiation -fno-odr-hash-protocols -mllvm -disable-aligned-alloc-awareness=1 -o /Users/philipwenkel/GitHub/Phan/xbuild/CMakeFiles/CMakeTmp/CMAKE_TRY_COMPILE.build/Debug/cmTC_9ee2f.build/Objects-normal/x86_64/CMakeCXXCompilerABI.o -x c++ /usr/local/Cellar/cmake/3.19.6/share/cmake/Modules/CMakeCXXCompilerABI.cpp
clang -cc1 version 12.0.5 (clang-1205.0.22.6) default target x86_64-apple-darwin20.3.0
ignoring nonexistent directory "/Users/philipwenkel/GitHub/Phan/xbuild/CMakeFiles/CMakeTmp/Debug/include"
ignoring nonexistent directory "/Users/philipwenkel/GitHub/Phan/xbuild/CMakeFiles/CMakeTmp/CMAKE_TRY_COMPILE.build/Debug/cmTC_9ee2f.build/DerivedSources-normal/x86_64"
ignoring nonexistent directory "/Users/philipwenkel/GitHub/Phan/xbuild/CMakeFiles/CMakeTmp/CMAKE_TRY_COMPILE.build/Debug/cmTC_9ee2f.build/DerivedSources/x86_64"
ignoring nonexistent directory "/Users/philipwenkel/GitHub/Phan/xbuild/CMakeFiles/CMakeTmp/CMAKE_TRY_COMPILE.build/Debug/cmTC_9ee2f.build/DerivedSources"
ignoring nonexistent directory "/Applications/Xcode-beta.app/Contents/Developer/Platforms/MacOSX.platform/Developer/SDKs/MacOSX11.3.sdk/usr/local/include"
ignoring nonexistent directory "/Applications/Xcode-beta.app/Contents/Developer/Platforms/MacOSX.platform/Developer/SDKs/MacOSX11.3.sdk/Library/Frameworks"
#include "..." search starts here:
#include <...> search starts here:
 /Users/philipwenkel/GitHub/Phan/xbuild/CMakeFiles/CMakeTmp/Debug (framework directory)
 /Applications/Xcode-beta.app/Contents/Developer/Platforms/MacOSX.platform/Developer/SDKs/MacOSX11.3.sdk/usr/include/c++/v1
 /Applications/Xcode-beta.app/Contents/Developer/Toolchains/XcodeDefault.xctoolchain/usr/lib/clang/12.0.5/include
 /Applications/Xcode-beta.app/Contents/Developer/Platforms/MacOSX.platform/Developer/SDKs/MacOSX11.3.sdk/usr/include
 /Applications/Xcode-beta.app/Contents/Developer/Toolchains/XcodeDefault.xctoolchain/usr/include
 /Applications/Xcode-beta.app/Contents/Developer/Platforms/MacOSX.platform/Developer/SDKs/MacOSX11.3.sdk/System/Library/Frameworks (framework directory)
End of search list.

Ld /Users/philipwenkel/GitHub/Phan/xbuild/CMakeFiles/CMakeTmp/Debug/cmTC_9ee2f normal (in target 'cmTC_9ee2f' from project 'CMAKE_TRY_COMPILE')
    cd /Users/philipwenkel/GitHub/Phan/xbuild/CMakeFiles/CMakeTmp
    /Applications/Xcode-beta.app/Contents/Developer/Toolchains/XcodeDefault.xctoolchain/usr/bin/clang++ -target x86_64-apple-macos11.2 -isysroot /Applications/Xcode-beta.app/Contents/Developer/Platforms/MacOSX.platform/Developer/SDKs/MacOSX11.3.sdk -L/Users/philipwenkel/GitHub/Phan/xbuild/CMakeFiles/CMakeTmp/Debug -F/Users/philipwenkel/GitHub/Phan/xbuild/CMakeFiles/CMakeTmp/Debug -filelist /Users/philipwenkel/GitHub/Phan/xbuild/CMakeFiles/CMakeTmp/CMAKE_TRY_COMPILE.build/Debug/cmTC_9ee2f.build/Objects-normal/x86_64/cmTC_9ee2f.LinkFileList -Xlinker -object_path_lto -Xlinker /Users/philipwenkel/GitHub/Phan/xbuild/CMakeFiles/CMakeTmp/CMAKE_TRY_COMPILE.build/Debug/cmTC_9ee2f.build/Objects-normal/x86_64/cmTC_9ee2f_lto.o -Xlinker -no_deduplicate -v -Wl,-v -Wl,-search_paths_first -Wl,-headerpad_max_install_names -Xlinker -dependency_info -Xlinker /Users/philipwenkel/GitHub/Phan/xbuild/CMakeFiles/CMakeTmp/CMAKE_TRY_COMPILE.build/Debug/cmTC_9ee2f.build/Objects-normal/x86_64/cmTC_9ee2f_dependency_info.dat -o /Users/philipwenkel/GitHub/Phan/xbuild/CMakeFiles/CMakeTmp/Debug/cmTC_9ee2f
Apple clang version 12.0.5 (clang-1205.0.22.6)
Target: x86_64-apple-macos11.2
Thread model: posix
InstalledDir: /Applications/Xcode-beta.app/Contents/Developer/Toolchains/XcodeDefault.xctoolchain/usr/bin
 "/Applications/Xcode-beta.app/Contents/Developer/Toolchains/XcodeDefault.xctoolchain/usr/bin/ld" -demangle -lto_library /Applications/Xcode-beta.app/Contents/Developer/Toolchains/XcodeDefault.xctoolchain/usr/lib/libLTO.dylib -dynamic -arch x86_64 -platform_version macos 11.2.0 11.3 -syslibroot /Applications/Xcode-beta.app/Contents/Developer/Platforms/MacOSX.platform/Developer/SDKs/MacOSX11.3.sdk -o /Users/philipwenkel/GitHub/Phan/xbuild/CMakeFiles/CMakeTmp/Debug/cmTC_9ee2f -L/Users/philipwenkel/GitHub/Phan/xbuild/CMakeFiles/CMakeTmp/Debug -filelist /Users/philipwenkel/GitHub/Phan/xbuild/CMakeFiles/CMakeTmp/CMAKE_TRY_COMPILE.build/Debug/cmTC_9ee2f.build/Objects-normal/x86_64/cmTC_9ee2f.LinkFileList -object_path_lto /Users/philipwenkel/GitHub/Phan/xbuild/CMakeFiles/CMakeTmp/CMAKE_TRY_COMPILE.build/Debug/cmTC_9ee2f.build/Objects-normal/x86_64/cmTC_9ee2f_lto.o -no_deduplicate -v -search_paths_first -headerpad_max_install_names -dependency_info /Users/philipwenkel/GitHub/Phan/xbuild/CMakeFiles/CMakeTmp/CMAKE_TRY_COMPILE.build/Debug/cmTC_9ee2f.build/Objects-normal/x86_64/cmTC_9ee2f_dependency_info.dat -lc++ -lSystem /Applications/Xcode-beta.app/Contents/Developer/Toolchains/XcodeDefault.xctoolchain/usr/lib/clang/12.0.5/lib/darwin/libclang_rt.osx.a -F/Users/philipwenkel/GitHub/Phan/xbuild/CMakeFiles/CMakeTmp/Debug
@(#)PROGRAM:ld  PROJECT:ld64-650.9
BUILD 08:52:42 Feb 25 2021
configured to support archs: armv6 armv7 armv7s arm64 arm64e arm64_32 i386 x86_64 x86_64h armv6m armv7k armv7m armv7em
Library search paths:
	/Users/philipwenkel/GitHub/Phan/xbuild/CMakeFiles/CMakeTmp/Debug
	/Applications/Xcode-beta.app/Contents/Developer/Platforms/MacOSX.platform/Developer/SDKs/MacOSX11.3.sdk/usr/lib
Framework search paths:
	/Users/philipwenkel/GitHub/Phan/xbuild/CMakeFiles/CMakeTmp/Debug
	/Applications/Xcode-beta.app/Contents/Developer/Platforms/MacOSX.platform/Developer/SDKs/MacOSX11.3.sdk/System/Library/Frameworks/

RegisterExecutionPolicyException /Users/philipwenkel/GitHub/Phan/xbuild/CMakeFiles/CMakeTmp/Debug/cmTC_9ee2f (in target 'cmTC_9ee2f' from project 'CMAKE_TRY_COMPILE')
    cd /Users/philipwenkel/GitHub/Phan/xbuild/CMakeFiles/CMakeTmp
    builtin-RegisterExecutionPolicyException /Users/philipwenkel/GitHub/Phan/xbuild/CMakeFiles/CMakeTmp/Debug/cmTC_9ee2f

** BUILD SUCCEEDED **




Parsed CXX implicit include dir info from above output: rv=done
  found start of include info
  found start of implicit include info
    add: [/Applications/Xcode-beta.app/Contents/Developer/Platforms/MacOSX.platform/Developer/SDKs/MacOSX11.3.sdk/usr/include/c++/v1]
    add: [/Applications/Xcode-beta.app/Contents/Developer/Toolchains/XcodeDefault.xctoolchain/usr/lib/clang/12.0.5/include]
    add: [/Applications/Xcode-beta.app/Contents/Developer/Platforms/MacOSX.platform/Developer/SDKs/MacOSX11.3.sdk/usr/include]
    add: [/Applications/Xcode-beta.app/Contents/Developer/Toolchains/XcodeDefault.xctoolchain/usr/include]
  end of search list found
  collapse include dir [/Applications/Xcode-beta.app/Contents/Developer/Platforms/MacOSX.platform/Developer/SDKs/MacOSX11.3.sdk/usr/include/c++/v1] ==> [/Applications/Xcode-beta.app/Contents/Developer/Platforms/MacOSX.platform/Developer/SDKs/MacOSX11.3.sdk/usr/include/c++/v1]
  collapse include dir [/Applications/Xcode-beta.app/Contents/Developer/Toolchains/XcodeDefault.xctoolchain/usr/lib/clang/12.0.5/include] ==> [/Applications/Xcode-beta.app/Contents/Developer/Toolchains/XcodeDefault.xctoolchain/usr/lib/clang/12.0.5/include]
  collapse include dir [/Applications/Xcode-beta.app/Contents/Developer/Platforms/MacOSX.platform/Developer/SDKs/MacOSX11.3.sdk/usr/include] ==> [/Applications/Xcode-beta.app/Contents/Developer/Platforms/MacOSX.platform/Developer/SDKs/MacOSX11.3.sdk/usr/include]
  collapse include dir [/Applications/Xcode-beta.app/Contents/Developer/Toolchains/XcodeDefault.xctoolchain/usr/include] ==> [/Applications/Xcode-beta.app/Contents/Developer/Toolchains/XcodeDefault.xctoolchain/usr/include]
  implicit include dirs: [/Applications/Xcode-beta.app/Contents/Developer/Platforms/MacOSX.platform/Developer/SDKs/MacOSX11.3.sdk/usr/include/c++/v1;/Applications/Xcode-beta.app/Contents/Developer/Toolchains/XcodeDefault.xctoolchain/usr/lib/clang/12.0.5/include;/Applications/Xcode-beta.app/Contents/Developer/Platforms/MacOSX.platform/Developer/SDKs/MacOSX11.3.sdk/usr/include;/Applications/Xcode-beta.app/Contents/Developer/Toolchains/XcodeDefault.xctoolchain/usr/include]


Parsed CXX implicit link information from above output:
  link line regex: [^( *|.*[/\])(ld|CMAKE_LINK_STARTFILE-NOTFOUND|([^/\]+-)?ld|collect2)[^/\]*( |$)]
  ignore line: [Change Dir: /Users/philipwenkel/GitHub/Phan/xbuild/CMakeFiles/CMakeTmp]
  ignore line: []
  ignore line: [Run Build Command(s):/usr/bin/xcodebuild -project CMAKE_TRY_COMPILE.xcodeproj build -target cmTC_9ee2f -parallelizeTargets -configuration Debug -hideShellScriptEnvironment && Command line invocation:]
  ignore line: [    /Applications/Xcode-beta.app/Contents/Developer/usr/bin/xcodebuild -project CMAKE_TRY_COMPILE.xcodeproj build -target cmTC_9ee2f -parallelizeTargets -configuration Debug -hideShellScriptEnvironment]
  ignore line: []
  ignore line: [User defaults from command line:]
  ignore line: [    HideShellScriptEnvironment = YES]
  ignore line: [    IDEPackageSupportUseBuiltinSCM = YES]
  ignore line: []
  ignore line: [note: Using new build system]
  ignore line: [note: Building targets in parallel]
  ignore line: [note: Planning build]
  ignore line: [note: Analyzing workspace]
  ignore line: [note: Constructing build description]
  ignore line: [note: Build preparation complete]
  ignore line: [CreateBuildDirectory /Users/philipwenkel/GitHub/Phan/xbuild/CMakeFiles/CMakeTmp]
  ignore line: [    cd /Users/philipwenkel/GitHub/Phan/xbuild/CMakeFiles/CMakeTmp/CMAKE_TRY_COMPILE.xcodeproj]
  ignore line: [    builtin-create-build-directory /Users/philipwenkel/GitHub/Phan/xbuild/CMakeFiles/CMakeTmp]
  ignore line: []
  ignore line: [CreateBuildDirectory /Users/philipwenkel/GitHub/Phan/xbuild/CMakeFiles/CMakeTmp/Debug]
  ignore line: [    cd /Users/philipwenkel/GitHub/Phan/xbuild/CMakeFiles/CMakeTmp/CMAKE_TRY_COMPILE.xcodeproj]
  ignore line: [    builtin-create-build-directory /Users/philipwenkel/GitHub/Phan/xbuild/CMakeFiles/CMakeTmp/Debug]
  ignore line: []
  ignore line: [WriteAuxiliaryFile /Users/philipwenkel/GitHub/Phan/xbuild/CMakeFiles/CMakeTmp/CMAKE_TRY_COMPILE.build/Debug/cmTC_9ee2f.build/Objects-normal/x86_64/cmTC_9ee2f.LinkFileList (in target 'cmTC_9ee2f' from project 'CMAKE_TRY_COMPILE')]
  ignore line: [    cd /Users/philipwenkel/GitHub/Phan/xbuild/CMakeFiles/CMakeTmp]
  ignore line: [    write-file /Users/philipwenkel/GitHub/Phan/xbuild/CMakeFiles/CMakeTmp/CMAKE_TRY_COMPILE.build/Debug/cmTC_9ee2f.build/Objects-normal/x86_64/cmTC_9ee2f.LinkFileList]
  ignore line: []
  ignore line: [CompileC /Users/philipwenkel/GitHub/Phan/xbuild/CMakeFiles/CMakeTmp/CMAKE_TRY_COMPILE.build/Debug/cmTC_9ee2f.build/Objects-normal/x86_64/CMakeCXXCompilerABI.o /usr/local/Cellar/cmake/3.19.6/share/cmake/Modules/CMakeCXXCompilerABI.cpp normal x86_64 c++ com.apple.compilers.llvm.clang.1_0.compiler (in target 'cmTC_9ee2f' from project 'CMAKE_TRY_COMPILE')]
  ignore line: [    cd /Users/philipwenkel/GitHub/Phan/xbuild/CMakeFiles/CMakeTmp]
  ignore line: [    /Applications/Xcode-beta.app/Contents/Developer/Toolchains/XcodeDefault.xctoolchain/usr/bin/clang -x c++ -target x86_64-apple-macos11.2 -fmessage-length\=0 -fdiagnostics-show-note-include-stack -fmacro-backtrace-limit\=0 -Wno-trigraphs -fpascal-strings -O0 -Wno-missing-field-initializers -Wno-missing-prototypes -Wno-return-type -Wno-non-virtual-dtor -Wno-overloaded-virtual -Wno-exit-time-destructors -Wno-missing-braces -Wparentheses -Wswitch -Wno-unused-function -Wno-unused-label -Wno-unused-parameter -Wno-unused-variable -Wunused-value -Wno-empty-body -Wno-uninitialized -Wno-unknown-pragmas -Wno-shadow -Wno-four-char-constants -Wno-conversion -Wno-constant-conversion -Wno-int-conversion -Wno-bool-conversion -Wno-enum-conversion -Wno-float-conversion -Wno-non-literal-null-conversion -Wno-objc-literal-conversion -Wno-shorten-64-to-32 -Wno-newline-eof -Wno-c++11-extensions -DCMAKE_INTDIR\=\"Debug\" -isysroot /Applications/Xcode-beta.app/Contents/Developer/Platforms/MacOSX.platform/Developer/SDKs/MacOSX11.3.sdk -fasm-blocks -fstrict-aliasing -Wdeprecated-declarations -Winvalid-offsetof -g -Wno-sign-conversion -Wno-infinite-recursion -Wno-move -Wno-comma -Wno-block-capture-autoreleasing -Wno-strict-prototypes -Wno-range-loop-analysis -Wno-semicolon-before-method-body -I/Users/philipwenkel/GitHub/Phan/xbuild/CMakeFiles/CMakeTmp/Debug/include -I/Users/philipwenkel/GitHub/Phan/xbuild/CMakeFiles/CMakeTmp/CMAKE_TRY_COMPILE.build/Debug/cmTC_9ee2f.build/DerivedSources-normal/x86_64 -I/Users/philipwenkel/GitHub/Phan/xbuild/CMakeFiles/CMakeTmp/CMAKE_TRY_COMPILE.build/Debug/cmTC_9ee2f.build/DerivedSources/x86_64 -I/Users/philipwenkel/GitHub/Phan/xbuild/CMakeFiles/CMakeTmp/CMAKE_TRY_COMPILE.build/Debug/cmTC_9ee2f.build/DerivedSources -F/Users/philipwenkel/GitHub/Phan/xbuild/CMakeFiles/CMakeTmp/Debug -v -Wl -v -MMD -MT dependencies -MF /Users/philipwenkel/GitHub/Phan/xbuild/CMakeFiles/CMakeTmp/CMAKE_TRY_COMPILE.build/Debug/cmTC_9ee2f.build/Objects-normal/x86_64/CMakeCXXCompilerABI.d --serialize-diagnostics /Users/philipwenkel/GitHub/Phan/xbuild/CMakeFiles/CMakeTmp/CMAKE_TRY_COMPILE.build/Debug/cmTC_9ee2f.build/Objects-normal/x86_64/CMakeCXXCompilerABI.dia -c /usr/local/Cellar/cmake/3.19.6/share/cmake/Modules/CMakeCXXCompilerABI.cpp -o /Users/philipwenkel/GitHub/Phan/xbuild/CMakeFiles/CMakeTmp/CMAKE_TRY_COMPILE.build/Debug/cmTC_9ee2f.build/Objects-normal/x86_64/CMakeCXXCompilerABI.o]
  ignore line: [Apple clang version 12.0.5 (clang-1205.0.22.6)]
  ignore line: [Target: x86_64-apple-macos11.2]
  ignore line: [Thread model: posix]
  ignore line: [InstalledDir: /Applications/Xcode-beta.app/Contents/Developer/Toolchains/XcodeDefault.xctoolchain/usr/bin]
  ignore line: [clang: warning: -Wl -v: 'linker' input unused [-Wunused-command-line-argument]]
  ignore line: [ "/Applications/Xcode-beta.app/Contents/Developer/Toolchains/XcodeDefault.xctoolchain/usr/bin/clang" -cc1 -triple x86_64-apple-macosx11.2.0 -Wundef-prefix=TARGET_OS_ -Werror=undef-prefix -Wdeprecated-objc-isa-usage -Werror=deprecated-objc-isa-usage -Werror=implicit-function-declaration -emit-obj -mrelax-all -disable-free -disable-llvm-verifier -discard-value-names -main-file-name CMakeCXXCompilerABI.cpp -mrelocation-model pic -pic-level 2 -mframe-pointer=all -fno-strict-return -fno-rounding-math -munwind-tables -target-sdk-version=11.3 -fvisibility-inlines-hidden-static-local-var -target-cpu penryn -debug-info-kind=standalone -dwarf-version=4 -debugger-tuning=lldb -target-linker-version 650.9 -v -resource-dir /Applications/Xcode-beta.app/Contents/Developer/Toolchains/XcodeDefault.xctoolchain/usr/lib/clang/12.0.5 -dependency-file /Users/philipwenkel/GitHub/Phan/xbuild/CMakeFiles/CMakeTmp/CMAKE_TRY_COMPILE.build/Debug/cmTC_9ee2f.build/Objects-normal/x86_64/CMakeCXXCompilerABI.d -skip-unused-modulemap-deps -MT dependencies -isysroot /Applications/Xcode-beta.app/Contents/Developer/Platforms/MacOSX.platform/Developer/SDKs/MacOSX11.3.sdk -D "CMAKE_INTDIR=\"Debug\"" -I /Users/philipwenkel/GitHub/Phan/xbuild/CMakeFiles/CMakeTmp/Debug/include -I /Users/philipwenkel/GitHub/Phan/xbuild/CMakeFiles/CMakeTmp/CMAKE_TRY_COMPILE.build/Debug/cmTC_9ee2f.build/DerivedSources-normal/x86_64 -I /Users/philipwenkel/GitHub/Phan/xbuild/CMakeFiles/CMakeTmp/CMAKE_TRY_COMPILE.build/Debug/cmTC_9ee2f.build/DerivedSources/x86_64 -I /Users/philipwenkel/GitHub/Phan/xbuild/CMakeFiles/CMakeTmp/CMAKE_TRY_COMPILE.build/Debug/cmTC_9ee2f.build/DerivedSources -F/Users/philipwenkel/GitHub/Phan/xbuild/CMakeFiles/CMakeTmp/Debug -stdlib=libc++ -internal-isystem /Applications/Xcode-beta.app/Contents/Developer/Platforms/MacOSX.platform/Developer/SDKs/MacOSX11.3.sdk/usr/include/c++/v1 -internal-isystem /Applications/Xcode-beta.app/Contents/Developer/Platforms/MacOSX.platform/Developer/SDKs/MacOSX11.3.sdk/usr/local/include -internal-isystem /Applications/Xcode-beta.app/Contents/Developer/Toolchains/XcodeDefault.xctoolchain/usr/lib/clang/12.0.5/include -internal-externc-isystem /Applications/Xcode-beta.app/Contents/Developer/Platforms/MacOSX.platform/Developer/SDKs/MacOSX11.3.sdk/usr/include -internal-externc-isystem /Applications/Xcode-beta.app/Contents/Developer/Toolchains/XcodeDefault.xctoolchain/usr/include -O0 -Wno-trigraphs -Wno-missing-field-initializers -Wno-missing-prototypes -Wno-return-type -Wno-non-virtual-dtor -Wno-overloaded-virtual -Wno-exit-time-destructors -Wno-missing-braces -Wparentheses -Wswitch -Wno-unused-function -Wno-unused-label -Wno-unused-parameter -Wno-unused-variable -Wunused-value -Wno-empty-body -Wno-uninitialized -Wno-unknown-pragmas -Wno-shadow -Wno-four-char-constants -Wno-conversion -Wno-constant-conversion -Wno-int-conversion -Wno-bool-conversion -Wno-enum-conversion -Wno-float-conversion -Wno-non-literal-null-conversion -Wno-objc-literal-conversion -Wno-shorten-64-to-32 -Wno-newline-eof -Wno-c++11-extensions -Wdeprecated-declarations -Winvalid-offsetof -Wno-sign-conversion -Wno-infinite-recursion -Wno-move -Wno-comma -Wno-block-capture-autoreleasing -Wno-strict-prototypes -Wno-range-loop-analysis -Wno-semicolon-before-method-body -Wno-reorder-init-list -Wno-implicit-int-float-conversion -Wno-c99-designator -Wno-final-dtor-non-final-class -Wno-extra-semi-stmt -Wno-misleading-indentation -Wno-quoted-include-in-framework-header -Wno-implicit-fallthrough -Wno-enum-enum-conversion -Wno-enum-float-conversion -Wno-elaborated-enum-base -fdeprecated-macro -fdebug-compilation-dir /Users/philipwenkel/GitHub/Phan/xbuild/CMakeFiles/CMakeTmp -ferror-limit 19 -fmacro-backtrace-limit 0 -stack-protector 1 -fstack-check -mdarwin-stkchk-strong-link -fblocks -fencode-extended-block-signature -fregister-global-dtors-with-atexit -fgnuc-version=4.2.1 -fcxx-exceptions -fexceptions -fpascal-strings -fmax-type-align=16 -fcommon -fdiagnostics-show-note-include-stack -fasm-blocks -serialize-diagnostic-file /Users/philipwenkel/GitHub/Phan/xbuild/CMakeFiles/CMakeTmp/CMAKE_TRY_COMPILE.build/Debug/cmTC_9ee2f.build/Objects-normal/x86_64/CMakeCXXCompilerABI.dia -clang-vendor-feature=+disableNonDependentMemberExprInCurrentInstantiation -fno-odr-hash-protocols -mllvm -disable-aligned-alloc-awareness=1 -o /Users/philipwenkel/GitHub/Phan/xbuild/CMakeFiles/CMakeTmp/CMAKE_TRY_COMPILE.build/Debug/cmTC_9ee2f.build/Objects-normal/x86_64/CMakeCXXCompilerABI.o -x c++ /usr/local/Cellar/cmake/3.19.6/share/cmake/Modules/CMakeCXXCompilerABI.cpp]
  ignore line: [clang -cc1 version 12.0.5 (clang-1205.0.22.6) default target x86_64-apple-darwin20.3.0]
  ignore line: [ignoring nonexistent directory "/Users/philipwenkel/GitHub/Phan/xbuild/CMakeFiles/CMakeTmp/Debug/include"]
  ignore line: [ignoring nonexistent directory "/Users/philipwenkel/GitHub/Phan/xbuild/CMakeFiles/CMakeTmp/CMAKE_TRY_COMPILE.build/Debug/cmTC_9ee2f.build/DerivedSources-normal/x86_64"]
  ignore line: [ignoring nonexistent directory "/Users/philipwenkel/GitHub/Phan/xbuild/CMakeFiles/CMakeTmp/CMAKE_TRY_COMPILE.build/Debug/cmTC_9ee2f.build/DerivedSources/x86_64"]
  ignore line: [ignoring nonexistent directory "/Users/philipwenkel/GitHub/Phan/xbuild/CMakeFiles/CMakeTmp/CMAKE_TRY_COMPILE.build/Debug/cmTC_9ee2f.build/DerivedSources"]
  ignore line: [ignoring nonexistent directory "/Applications/Xcode-beta.app/Contents/Developer/Platforms/MacOSX.platform/Developer/SDKs/MacOSX11.3.sdk/usr/local/include"]
  ignore line: [ignoring nonexistent directory "/Applications/Xcode-beta.app/Contents/Developer/Platforms/MacOSX.platform/Developer/SDKs/MacOSX11.3.sdk/Library/Frameworks"]
  ignore line: [#include "..." search starts here:]
  ignore line: [#include <...> search starts here:]
  ignore line: [ /Users/philipwenkel/GitHub/Phan/xbuild/CMakeFiles/CMakeTmp/Debug (framework directory)]
  ignore line: [ /Applications/Xcode-beta.app/Contents/Developer/Platforms/MacOSX.platform/Developer/SDKs/MacOSX11.3.sdk/usr/include/c++/v1]
  ignore line: [ /Applications/Xcode-beta.app/Contents/Developer/Toolchains/XcodeDefault.xctoolchain/usr/lib/clang/12.0.5/include]
  ignore line: [ /Applications/Xcode-beta.app/Contents/Developer/Platforms/MacOSX.platform/Developer/SDKs/MacOSX11.3.sdk/usr/include]
  ignore line: [ /Applications/Xcode-beta.app/Contents/Developer/Toolchains/XcodeDefault.xctoolchain/usr/include]
  ignore line: [ /Applications/Xcode-beta.app/Contents/Developer/Platforms/MacOSX.platform/Developer/SDKs/MacOSX11.3.sdk/System/Library/Frameworks (framework directory)]
  ignore line: [End of search list.]
  ignore line: []
  ignore line: [Ld /Users/philipwenkel/GitHub/Phan/xbuild/CMakeFiles/CMakeTmp/Debug/cmTC_9ee2f normal (in target 'cmTC_9ee2f' from project 'CMAKE_TRY_COMPILE')]
  ignore line: [    cd /Users/philipwenkel/GitHub/Phan/xbuild/CMakeFiles/CMakeTmp]
  ignore line: [    /Applications/Xcode-beta.app/Contents/Developer/Toolchains/XcodeDefault.xctoolchain/usr/bin/clang++ -target x86_64-apple-macos11.2 -isysroot /Applications/Xcode-beta.app/Contents/Developer/Platforms/MacOSX.platform/Developer/SDKs/MacOSX11.3.sdk -L/Users/philipwenkel/GitHub/Phan/xbuild/CMakeFiles/CMakeTmp/Debug -F/Users/philipwenkel/GitHub/Phan/xbuild/CMakeFiles/CMakeTmp/Debug -filelist /Users/philipwenkel/GitHub/Phan/xbuild/CMakeFiles/CMakeTmp/CMAKE_TRY_COMPILE.build/Debug/cmTC_9ee2f.build/Objects-normal/x86_64/cmTC_9ee2f.LinkFileList -Xlinker -object_path_lto -Xlinker /Users/philipwenkel/GitHub/Phan/xbuild/CMakeFiles/CMakeTmp/CMAKE_TRY_COMPILE.build/Debug/cmTC_9ee2f.build/Objects-normal/x86_64/cmTC_9ee2f_lto.o -Xlinker -no_deduplicate -v -Wl -v -Wl -search_paths_first -Wl -headerpad_max_install_names -Xlinker -dependency_info -Xlinker /Users/philipwenkel/GitHub/Phan/xbuild/CMakeFiles/CMakeTmp/CMAKE_TRY_COMPILE.build/Debug/cmTC_9ee2f.build/Objects-normal/x86_64/cmTC_9ee2f_dependency_info.dat -o /Users/philipwenkel/GitHub/Phan/xbuild/CMakeFiles/CMakeTmp/Debug/cmTC_9ee2f]
  ignore line: [Apple clang version 12.0.5 (clang-1205.0.22.6)]
  ignore line: [Target: x86_64-apple-macos11.2]
  ignore line: [Thread model: posix]
  ignore line: [InstalledDir: /Applications/Xcode-beta.app/Contents/Developer/Toolchains/XcodeDefault.xctoolchain/usr/bin]
  reduced line: [ "/Applications/Xcode-beta.app/Contents/Developer/Toolchains/XcodeDefault.xctoolchain/usr/bin/ld" -demangle -lto_library /Applications/Xcode-beta.app/Contents/Developer/Toolchains/XcodeDefault.xctoolchain/usr/lib/libLTO.dylib -dynamic -arch x86_64 -platform_version macos 11.2.0 11.3 -syslibroot /Applications/Xcode-beta.app/Contents/Developer/Platforms/MacOSX.platform/Developer/SDKs/MacOSX11.3.sdk -o /Users/philipwenkel/GitHub/Phan/xbuild/CMakeFiles/CMakeTmp/Debug/cmTC_9ee2f -L/Users/philipwenkel/GitHub/Phan/xbuild/CMakeFiles/CMakeTmp/Debug -filelist /Users/philipwenkel/GitHub/Phan/xbuild/CMakeFiles/CMakeTmp/CMAKE_TRY_COMPILE.build/Debug/cmTC_9ee2f.build/Objects-normal/x86_64/cmTC_9ee2f.LinkFileList -object_path_lto /Users/philipwenkel/GitHub/Phan/xbuild/CMakeFiles/CMakeTmp/CMAKE_TRY_COMPILE.build/Debug/cmTC_9ee2f.build/Objects-normal/x86_64/cmTC_9ee2f_lto.o -no_deduplicate -v -search_paths_first -headerpad_max_install_names -dependency_info /Users/philipwenkel/GitHub/Phan/xbuild/CMakeFiles/CMakeTmp/CMAKE_TRY_COMPILE.build/Debug/cmTC_9ee2f.build/Objects-normal/x86_64/cmTC_9ee2f_dependency_info.dat -lc++ -lSystem /Applications/Xcode-beta.app/Contents/Developer/Toolchains/XcodeDefault.xctoolchain/usr/lib/clang/12.0.5/lib/darwin/libclang_rt.osx.a -F/Users/philipwenkel/GitHub/Phan/xbuild/CMakeFiles/CMakeTmp/Debug]
            to: [ "/Applications/Xcode-beta.app/Contents/Developer/Toolchains/XcodeDefault.xctoolchain/usr/bin/ld" -demangle -lto_library /Applications/Xcode-beta.app/Contents/Developer/Toolchains/XcodeDefault.xctoolchain/usr/lib/libLTO.dylib -dynamic -arch x86_64 -platform_version macos 11.2.0 11.3 -syslibroot /Applications/Xcode-beta.app/Contents/Developer/Platforms/MacOSX.platform/Developer/SDKs/MacOSX11.3.sdk -o /Users/philipwenkel/GitHub/Phan/xbuild/CMakeFiles/CMakeTmp/Debug/cmTC_9ee2f -filelist /Users/philipwenkel/GitHub/Phan/xbuild/CMakeFiles/CMakeTmp/CMAKE_TRY_COMPILE.build/Debug/cmTC_9ee2f.build/Objects-normal/x86_64/cmTC_9ee2f.LinkFileList -object_path_lto /Users/philipwenkel/GitHub/Phan/xbuild/CMakeFiles/CMakeTmp/CMAKE_TRY_COMPILE.build/Debug/cmTC_9ee2f.build/Objects-normal/x86_64/cmTC_9ee2f_lto.o -no_deduplicate -v -search_paths_first -headerpad_max_install_names -dependency_info /Users/philipwenkel/GitHub/Phan/xbuild/CMakeFiles/CMakeTmp/CMAKE_TRY_COMPILE.build/Debug/cmTC_9ee2f.build/Objects-normal/x86_64/cmTC_9ee2f_dependency_info.dat -lc++ -lSystem /Applications/Xcode-beta.app/Contents/Developer/Toolchains/XcodeDefault.xctoolchain/usr/lib/clang/12.0.5/lib/darwin/libclang_rt.osx.a ]
  link line: [ "/Applications/Xcode-beta.app/Contents/Developer/Toolchains/XcodeDefault.xctoolchain/usr/bin/ld" -demangle -lto_library /Applications/Xcode-beta.app/Contents/Developer/Toolchains/XcodeDefault.xctoolchain/usr/lib/libLTO.dylib -dynamic -arch x86_64 -platform_version macos 11.2.0 11.3 -syslibroot /Applications/Xcode-beta.app/Contents/Developer/Platforms/MacOSX.platform/Developer/SDKs/MacOSX11.3.sdk -o /Users/philipwenkel/GitHub/Phan/xbuild/CMakeFiles/CMakeTmp/Debug/cmTC_9ee2f -filelist /Users/philipwenkel/GitHub/Phan/xbuild/CMakeFiles/CMakeTmp/CMAKE_TRY_COMPILE.build/Debug/cmTC_9ee2f.build/Objects-normal/x86_64/cmTC_9ee2f.LinkFileList -object_path_lto /Users/philipwenkel/GitHub/Phan/xbuild/CMakeFiles/CMakeTmp/CMAKE_TRY_COMPILE.build/Debug/cmTC_9ee2f.build/Objects-normal/x86_64/cmTC_9ee2f_lto.o -no_deduplicate -v -search_paths_first -headerpad_max_install_names -dependency_info /Users/philipwenkel/GitHub/Phan/xbuild/CMakeFiles/CMakeTmp/CMAKE_TRY_COMPILE.build/Debug/cmTC_9ee2f.build/Objects-normal/x86_64/cmTC_9ee2f_dependency_info.dat -lc++ -lSystem /Applications/Xcode-beta.app/Contents/Developer/Toolchains/XcodeDefault.xctoolchain/usr/lib/clang/12.0.5/lib/darwin/libclang_rt.osx.a ]
    arg [/Applications/Xcode-beta.app/Contents/Developer/Toolchains/XcodeDefault.xctoolchain/usr/bin/ld] ==> ignore
    arg [-demangle] ==> ignore
    arg [-lto_library] ==> ignore, skip following value
    arg [/Applications/Xcode-beta.app/Contents/Developer/Toolchains/XcodeDefault.xctoolchain/usr/lib/libLTO.dylib] ==> skip value of -lto_library
    arg [-dynamic] ==> ignore
    arg [-arch] ==> ignore
    arg [x86_64] ==> ignore
    arg [-platform_version] ==> ignore
    arg [macos] ==> ignore
    arg [11.2.0] ==> ignore
    arg [11.3] ==> ignore
    arg [-syslibroot] ==> ignore
    arg [/Applications/Xcode-beta.app/Contents/Developer/Platforms/MacOSX.platform/Developer/SDKs/MacOSX11.3.sdk] ==> ignore
    arg [-o] ==> ignore
    arg [/Users/philipwenkel/GitHub/Phan/xbuild/CMakeFiles/CMakeTmp/Debug/cmTC_9ee2f] ==> ignore
    arg [-filelist] ==> ignore
    arg [/Users/philipwenkel/GitHub/Phan/xbuild/CMakeFiles/CMakeTmp/CMAKE_TRY_COMPILE.build/Debug/cmTC_9ee2f.build/Objects-normal/x86_64/cmTC_9ee2f.LinkFileList] ==> ignore
    arg [-object_path_lto] ==> ignore
    arg [/Users/philipwenkel/GitHub/Phan/xbuild/CMakeFiles/CMakeTmp/CMAKE_TRY_COMPILE.build/Debug/cmTC_9ee2f.build/Objects-normal/x86_64/cmTC_9ee2f_lto.o] ==> ignore
    arg [-no_deduplicate] ==> ignore
    arg [-v] ==> ignore
    arg [-search_paths_first] ==> ignore
    arg [-headerpad_max_install_names] ==> ignore
    arg [-dependency_info] ==> ignore
    arg [/Users/philipwenkel/GitHub/Phan/xbuild/CMakeFiles/CMakeTmp/CMAKE_TRY_COMPILE.build/Debug/cmTC_9ee2f.build/Objects-normal/x86_64/cmTC_9ee2f_dependency_info.dat] ==> ignore
    arg [-lc++] ==> lib [c++]
    arg [-lSystem] ==> lib [System]
    arg [/Applications/Xcode-beta.app/Contents/Developer/Toolchains/XcodeDefault.xctoolchain/usr/lib/clang/12.0.5/lib/darwin/libclang_rt.osx.a] ==> lib [/Applications/Xcode-beta.app/Contents/Developer/Toolchains/XcodeDefault.xctoolchain/usr/lib/clang/12.0.5/lib/darwin/libclang_rt.osx.a]
  Library search paths: [;/Users/philipwenkel/GitHub/Phan/xbuild/CMakeFiles/CMakeTmp/Debug;/Applications/Xcode-beta.app/Contents/Developer/Platforms/MacOSX.platform/Developer/SDKs/MacOSX11.3.sdk/usr/lib]
  Framework search paths: [;/Users/philipwenkel/GitHub/Phan/xbuild/CMakeFiles/CMakeTmp/Debug;/Applications/Xcode-beta.app/Contents/Developer/Platforms/MacOSX.platform/Developer/SDKs/MacOSX11.3.sdk/System/Library/Frameworks/]
  remove lib [System]
  remove lib [/Applications/Xcode-beta.app/Contents/Developer/Toolchains/XcodeDefault.xctoolchain/usr/lib/clang/12.0.5/lib/darwin/libclang_rt.osx.a]
  collapse library dir [/Users/philipwenkel/GitHub/Phan/xbuild/CMakeFiles/CMakeTmp/Debug] ==> [/Users/philipwenkel/GitHub/Phan/xbuild/CMakeFiles/CMakeTmp/Debug], skipping non-system directory
  collapse library dir [/Applications/Xcode-beta.app/Contents/Developer/Platforms/MacOSX.platform/Developer/SDKs/MacOSX11.3.sdk/usr/lib] ==> [/Applications/Xcode-beta.app/Contents/Developer/Platforms/MacOSX.platform/Developer/SDKs/MacOSX11.3.sdk/usr/lib]
  collapse framework dir [/Users/philipwenkel/GitHub/Phan/xbuild/CMakeFiles/CMakeTmp/Debug] ==> [/Users/philipwenkel/GitHub/Phan/xbuild/CMakeFiles/CMakeTmp/Debug], skipping non-system directory
  collapse framework dir [/Applications/Xcode-beta.app/Contents/Developer/Platforms/MacOSX.platform/Developer/SDKs/MacOSX11.3.sdk/System/Library/Frameworks/] ==> [/Applications/Xcode-beta.app/Contents/Developer/Platforms/MacOSX.platform/Developer/SDKs/MacOSX11.3.sdk/System/Library/Frameworks]
  implicit libs: [c++]
  implicit dirs: [/Applications/Xcode-beta.app/Contents/Developer/Platforms/MacOSX.platform/Developer/SDKs/MacOSX11.3.sdk/usr/lib]
  implicit fwks: [/Applications/Xcode-beta.app/Contents/Developer/Platforms/MacOSX.platform/Developer/SDKs/MacOSX11.3.sdk/System/Library/Frameworks]


